{"numTotalTestSuites":6,"numPassedTestSuites":6,"numFailedTestSuites":0,"numPendingTestSuites":0,"numTotalTests":12,"numPassedTests":12,"numFailedTests":0,"numPendingTests":0,"numTodoTests":0,"snapshot":{"added":0,"failure":false,"filesAdded":0,"filesRemoved":0,"filesRemovedList":[],"filesUnmatched":0,"filesUpdated":0,"matched":0,"total":0,"unchecked":0,"uncheckedKeysByFile":[],"unmatched":0,"updated":0,"didUpdate":false},"startTime":1751831263378,"success":true,"testResults":[{"assertionResults":[{"ancestorTitles":["Deck (pure functional)"],"fullName":"Deck (pure functional) generates the correct number of cards","status":"passed","title":"generates the correct number of cards","duration":1.8674699999999973,"failureMessages":[],"meta":{}},{"ancestorTitles":["Deck (pure functional)"],"fullName":"Deck (pure functional) shuffles the deck without mutation","status":"passed","title":"shuffles the deck without mutation","duration":2.4433919999999887,"failureMessages":[],"meta":{}},{"ancestorTitles":["Deck (pure functional)"],"fullName":"Deck (pure functional) deals a card immutably","status":"passed","title":"deals a card immutably","duration":0.3541490000000067,"failureMessages":[],"meta":{}},{"ancestorTitles":["Deck (pure functional)"],"fullName":"Deck (pure functional) deals undefined from empty deck","status":"passed","title":"deals undefined from empty deck","duration":0.2286760000000072,"failureMessages":[],"meta":{}}],"startTime":1751831264009,"endTime":1751831264014.2288,"status":"passed","message":"","name":"/workspaces/flip-7/src/__tests__/deck.test.mts"},{"assertionResults":[{"ancestorTitles":["gameLogic.helpers"],"fullName":"gameLogic.helpers isGameOver returns true only if all players are banked or busted","status":"passed","title":"isGameOver returns true only if all players are banked or busted","duration":1.6283540000000016,"failureMessages":[],"meta":{}},{"ancestorTitles":["gameLogic.helpers"],"fullName":"gameLogic.helpers getRoundScore sums number and modifier cards","status":"passed","title":"getRoundScore sums number and modifier cards","duration":0.26886100000001534,"failureMessages":[],"meta":{}},{"ancestorTitles":["gameLogic.helpers"],"fullName":"gameLogic.helpers bustPlayer marks busted and adds card to hand","status":"passed","title":"bustPlayer marks busted and adds card to hand","duration":1.5298699999999599,"failureMessages":[],"meta":{}},{"ancestorTitles":["gameLogic.helpers"],"fullName":"gameLogic.helpers addCardToHand adds a card to the player hand","status":"passed","title":"addCardToHand adds a card to the player hand","duration":0.2380539999999769,"failureMessages":[],"meta":{}},{"ancestorTitles":["gameLogic.helpers"],"fullName":"gameLogic.helpers addModifier adds a modifier card to the player","status":"passed","title":"addModifier adds a modifier card to the player","duration":0.24422500000002856,"failureMessages":[],"meta":{}}],"startTime":1751831263727,"endTime":1751831263731.2441,"status":"passed","message":"","name":"/workspaces/flip-7/src/__tests__/gameLogic.helpers.test.mts"},{"assertionResults":[{"ancestorTitles":["Flip 7 Game Logic"],"fullName":"Flip 7 Game Logic should not discard number cards unless a player busts","status":"passed","title":"should not discard number cards unless a player busts","duration":1.6216009999999983,"failureMessages":[],"meta":{}},{"ancestorTitles":["Flip 7 Game Logic"],"fullName":"Flip 7 Game Logic should discard action cards immediately after use","status":"passed","title":"should discard action cards immediately after use","duration":1.3045099999999934,"failureMessages":[],"meta":{}},{"ancestorTitles":["Flip 7 Game Logic"],"fullName":"Flip 7 Game Logic should discard Second Chance only when redeemed","status":"passed","title":"should discard Second Chance only when redeemed","duration":0.3547410000000468,"failureMessages":[],"meta":{}}],"startTime":1751831264319,"endTime":1751831264322.3547,"status":"passed","message":"","name":"/workspaces/flip-7/src/__tests__/gameLogic.test.mts"}],"coverageMap":{"/workspaces/flip-7/src/lib/deck.ts":{"path":"/workspaces/flip-7/src/lib/deck.ts","all":false,"statementMap":{"5":{"start":{"line":6,"column":0},"end":{"line":6,"column":57}},"7":{"start":{"line":8,"column":0},"end":{"line":8,"column":81}},"8":{"start":{"line":9,"column":0},"end":{"line":9,"column":15}},"9":{"start":{"line":10,"column":0},"end":{"line":10,"column":26}},"10":{"start":{"line":11,"column":0},"end":{"line":11,"column":74}},"11":{"start":{"line":12,"column":0},"end":{"line":12,"column":6}},"12":{"start":{"line":13,"column":0},"end":{"line":13,"column":11}},"14":{"start":{"line":15,"column":0},"end":{"line":15,"column":71}},"15":{"start":{"line":16,"column":0},"end":{"line":16,"column":70}},"16":{"start":{"line":17,"column":0},"end":{"line":17,"column":21}},"17":{"start":{"line":18,"column":0},"end":{"line":18,"column":15}},"18":{"start":{"line":19,"column":0},"end":{"line":19,"column":43}},"19":{"start":{"line":20,"column":0},"end":{"line":20,"column":6}},"21":{"start":{"line":22,"column":0},"end":{"line":22,"column":84}},"22":{"start":{"line":23,"column":0},"end":{"line":23,"column":57}},"23":{"start":{"line":24,"column":0},"end":{"line":24,"column":61}},"24":{"start":{"line":25,"column":0},"end":{"line":25,"column":68}},"25":{"start":{"line":26,"column":0},"end":{"line":26,"column":5}},"26":{"start":{"line":27,"column":0},"end":{"line":27,"column":60}},"27":{"start":{"line":28,"column":0},"end":{"line":28,"column":1}},"29":{"start":{"line":30,"column":0},"end":{"line":30,"column":28}},"30":{"start":{"line":31,"column":0},"end":{"line":31,"column":32}},"31":{"start":{"line":32,"column":0},"end":{"line":32,"column":34}},"32":{"start":{"line":33,"column":0},"end":{"line":33,"column":28}},"34":{"start":{"line":35,"column":0},"end":{"line":35,"column":80}},"35":{"start":{"line":36,"column":0},"end":{"line":36,"column":27}},"36":{"start":{"line":37,"column":0},"end":{"line":37,"column":65}},"37":{"start":{"line":38,"column":0},"end":{"line":38,"column":48}},"38":{"start":{"line":39,"column":0},"end":{"line":39,"column":31}},"39":{"start":{"line":40,"column":0},"end":{"line":40,"column":50}},"40":{"start":{"line":41,"column":0},"end":{"line":41,"column":35}},"41":{"start":{"line":42,"column":0},"end":{"line":42,"column":6}},"42":{"start":{"line":43,"column":0},"end":{"line":43,"column":43}},"43":{"start":{"line":44,"column":0},"end":{"line":44,"column":8}},"44":{"start":{"line":45,"column":0},"end":{"line":45,"column":1}},"46":{"start":{"line":47,"column":0},"end":{"line":47,"column":25}},"47":{"start":{"line":48,"column":0},"end":{"line":48,"column":32}},"48":{"start":{"line":49,"column":0},"end":{"line":49,"column":61}},"49":{"start":{"line":50,"column":0},"end":{"line":50,"column":50}},"50":{"start":{"line":51,"column":0},"end":{"line":51,"column":34}},"51":{"start":{"line":52,"column":0},"end":{"line":52,"column":1}},"54":{"start":{"line":55,"column":0},"end":{"line":55,"column":35}},"55":{"start":{"line":56,"column":0},"end":{"line":56,"column":32}},"56":{"start":{"line":57,"column":0},"end":{"line":57,"column":35}},"57":{"start":{"line":58,"column":0},"end":{"line":58,"column":34}},"58":{"start":{"line":59,"column":0},"end":{"line":59,"column":90}},"59":{"start":{"line":60,"column":0},"end":{"line":60,"column":47}},"60":{"start":{"line":61,"column":0},"end":{"line":61,"column":29}},"61":{"start":{"line":62,"column":0},"end":{"line":62,"column":3}},"63":{"start":{"line":64,"column":0},"end":{"line":64,"column":51}},"64":{"start":{"line":65,"column":0},"end":{"line":65,"column":54}},"65":{"start":{"line":66,"column":0},"end":{"line":66,"column":46}},"66":{"start":{"line":67,"column":0},"end":{"line":67,"column":1}}},"s":{"5":1,"7":5,"8":65,"9":65,"10":65,"11":65,"12":5,"14":5,"15":5,"16":30,"17":30,"18":30,"19":5,"21":5,"22":15,"23":15,"24":15,"25":5,"26":5,"27":5,"29":1,"30":2,"31":2,"32":2,"34":2,"35":2,"36":212,"37":210,"38":210,"39":210,"40":210,"41":212,"42":2,"43":2,"44":2,"46":1,"47":2,"48":2,"49":2,"50":1,"51":1,"54":1,"55":0,"56":0,"57":0,"58":0,"59":0,"60":0,"61":0,"63":0,"64":0,"65":0,"66":0},"branchMap":{"0":{"type":"branch","line":6,"loc":{"start":{"line":6,"column":7},"end":{"line":28,"column":1}},"locations":[{"start":{"line":6,"column":7},"end":{"line":28,"column":1}}]},"1":{"type":"branch","line":8,"loc":{"start":{"line":8,"column":70},"end":{"line":12,"column":6}},"locations":[{"start":{"line":8,"column":70},"end":{"line":12,"column":6}}]},"2":{"type":"branch","line":11,"loc":{"start":{"line":11,"column":6},"end":{"line":11,"column":74}},"locations":[{"start":{"line":11,"column":6},"end":{"line":11,"column":74}}]},"3":{"type":"branch","line":16,"loc":{"start":{"line":16,"column":59},"end":{"line":20,"column":4}},"locations":[{"start":{"line":16,"column":59},"end":{"line":20,"column":4}}]},"4":{"type":"branch","line":19,"loc":{"start":{"line":19,"column":19},"end":{"line":19,"column":33}},"locations":[{"start":{"line":19,"column":19},"end":{"line":19,"column":33}}]},"5":{"type":"branch","line":19,"loc":{"start":{"line":19,"column":26},"end":{"line":19,"column":43}},"locations":[{"start":{"line":19,"column":26},"end":{"line":19,"column":43}}]},"6":{"type":"branch","line":22,"loc":{"start":{"line":22,"column":77},"end":{"line":26,"column":3}},"locations":[{"start":{"line":22,"column":77},"end":{"line":26,"column":3}}]},"7":{"type":"branch","line":30,"loc":{"start":{"line":30,"column":7},"end":{"line":45,"column":1}},"locations":[{"start":{"line":30,"column":7},"end":{"line":45,"column":1}}]},"8":{"type":"branch","line":36,"loc":{"start":{"line":36,"column":4},"end":{"line":42,"column":6}},"locations":[{"start":{"line":36,"column":4},"end":{"line":42,"column":6}}]},"9":{"type":"branch","line":37,"loc":{"start":{"line":37,"column":21},"end":{"line":37,"column":65}},"locations":[{"start":{"line":37,"column":21},"end":{"line":37,"column":65}}]},"10":{"type":"branch","line":37,"loc":{"start":{"line":37,"column":63},"end":{"line":41,"column":35}},"locations":[{"start":{"line":37,"column":63},"end":{"line":41,"column":35}}]},"11":{"type":"branch","line":47,"loc":{"start":{"line":47,"column":7},"end":{"line":52,"column":1}},"locations":[{"start":{"line":47,"column":7},"end":{"line":52,"column":1}}]},"12":{"type":"branch","line":50,"loc":{"start":{"line":50,"column":25},"end":{"line":52,"column":1}},"locations":[{"start":{"line":50,"column":25},"end":{"line":52,"column":1}}]}},"b":{"0":[5],"1":[65],"2":[455],"3":[30],"4":[5],"5":[25],"6":[15],"7":[2],"8":[212],"9":[2],"10":[210],"11":[2],"12":[1]},"fnMap":{"0":{"name":"generateDeck","decl":{"start":{"line":6,"column":7},"end":{"line":28,"column":1}},"loc":{"start":{"line":6,"column":7},"end":{"line":28,"column":1}},"line":6},"1":{"name":"shuffleDeck","decl":{"start":{"line":30,"column":7},"end":{"line":45,"column":1}},"loc":{"start":{"line":30,"column":7},"end":{"line":45,"column":1}},"line":30},"2":{"name":"deck.reduce.arr","decl":{"start":{"line":36,"column":4},"end":{"line":42,"column":6}},"loc":{"start":{"line":36,"column":4},"end":{"line":42,"column":6}},"line":36},"3":{"name":"dealCard","decl":{"start":{"line":47,"column":7},"end":{"line":52,"column":1}},"loc":{"start":{"line":47,"column":7},"end":{"line":52,"column":1}},"line":47},"4":{"name":"maybeReshuffleDeck","decl":{"start":{"line":55,"column":7},"end":{"line":67,"column":1}},"loc":{"start":{"line":55,"column":7},"end":{"line":67,"column":1}},"line":55}},"f":{"0":5,"1":2,"2":212,"3":2,"4":0}},"/workspaces/flip-7/src/lib/gameLogic.helpers.ts":{"path":"/workspaces/flip-7/src/lib/gameLogic.helpers.ts","all":false,"statementMap":{"4":{"start":{"line":5,"column":0},"end":{"line":5,"column":39}},"6":{"start":{"line":7,"column":0},"end":{"line":7,"column":65}},"8":{"start":{"line":9,"column":0},"end":{"line":9,"column":52}},"9":{"start":{"line":10,"column":0},"end":{"line":10,"column":1}},"11":{"start":{"line":12,"column":0},"end":{"line":12,"column":55}},"12":{"start":{"line":13,"column":0},"end":{"line":13,"column":10}},"13":{"start":{"line":14,"column":0},"end":{"line":14,"column":69}},"14":{"start":{"line":15,"column":0},"end":{"line":15,"column":28}},"15":{"start":{"line":16,"column":0},"end":{"line":16,"column":76}},"16":{"start":{"line":17,"column":0},"end":{"line":17,"column":8}},"17":{"start":{"line":18,"column":0},"end":{"line":18,"column":5}},"19":{"start":{"line":20,"column":0},"end":{"line":20,"column":1}},"21":{"start":{"line":22,"column":0},"end":{"line":22,"column":68}},"23":{"start":{"line":24,"column":0},"end":{"line":24,"column":102}},"24":{"start":{"line":25,"column":0},"end":{"line":25,"column":10}},"25":{"start":{"line":26,"column":0},"end":{"line":26,"column":14}},"26":{"start":{"line":27,"column":0},"end":{"line":27,"column":17}},"27":{"start":{"line":28,"column":0},"end":{"line":28,"column":47}},"28":{"start":{"line":29,"column":0},"end":{"line":29,"column":17}},"29":{"start":{"line":30,"column":0},"end":{"line":30,"column":39}},"30":{"start":{"line":31,"column":0},"end":{"line":31,"column":4}},"31":{"start":{"line":32,"column":0},"end":{"line":32,"column":1}},"33":{"start":{"line":34,"column":0},"end":{"line":34,"column":71}},"34":{"start":{"line":35,"column":0},"end":{"line":35,"column":67}},"35":{"start":{"line":36,"column":0},"end":{"line":36,"column":1}},"37":{"start":{"line":38,"column":0},"end":{"line":38,"column":69}},"38":{"start":{"line":39,"column":0},"end":{"line":39,"column":63}},"39":{"start":{"line":40,"column":0},"end":{"line":40,"column":1}},"41":{"start":{"line":42,"column":0},"end":{"line":42,"column":60}},"42":{"start":{"line":43,"column":0},"end":{"line":43,"column":83}},"43":{"start":{"line":44,"column":0},"end":{"line":44,"column":1}},"45":{"start":{"line":46,"column":0},"end":{"line":46,"column":76}},"46":{"start":{"line":47,"column":0},"end":{"line":47,"column":40}},"47":{"start":{"line":48,"column":0},"end":{"line":48,"column":1}},"49":{"start":{"line":50,"column":0},"end":{"line":50,"column":74}},"50":{"start":{"line":51,"column":0},"end":{"line":51,"column":65}},"51":{"start":{"line":52,"column":0},"end":{"line":52,"column":62}},"52":{"start":{"line":53,"column":0},"end":{"line":53,"column":1}},"55":{"start":{"line":56,"column":0},"end":{"line":56,"column":52}},"56":{"start":{"line":57,"column":0},"end":{"line":57,"column":55}},"57":{"start":{"line":58,"column":0},"end":{"line":58,"column":10}},"58":{"start":{"line":59,"column":0},"end":{"line":59,"column":14}},"59":{"start":{"line":60,"column":0},"end":{"line":60,"column":37}},"60":{"start":{"line":61,"column":0},"end":{"line":61,"column":20}},"61":{"start":{"line":62,"column":0},"end":{"line":62,"column":18}},"62":{"start":{"line":63,"column":0},"end":{"line":63,"column":17}},"63":{"start":{"line":64,"column":0},"end":{"line":64,"column":18}},"64":{"start":{"line":65,"column":0},"end":{"line":65,"column":4}},"65":{"start":{"line":66,"column":0},"end":{"line":66,"column":1}},"68":{"start":{"line":69,"column":0},"end":{"line":69,"column":78}},"69":{"start":{"line":70,"column":0},"end":{"line":70,"column":58}},"70":{"start":{"line":71,"column":0},"end":{"line":71,"column":1}},"73":{"start":{"line":74,"column":0},"end":{"line":74,"column":79}},"74":{"start":{"line":75,"column":0},"end":{"line":75,"column":77}},"77":{"start":{"line":78,"column":0},"end":{"line":78,"column":71}},"78":{"start":{"line":79,"column":0},"end":{"line":79,"column":22}},"79":{"start":{"line":80,"column":0},"end":{"line":80,"column":14}},"80":{"start":{"line":81,"column":0},"end":{"line":81,"column":3}},"83":{"start":{"line":84,"column":0},"end":{"line":84,"column":21}},"86":{"start":{"line":87,"column":0},"end":{"line":87,"column":39}},"87":{"start":{"line":88,"column":0},"end":{"line":88,"column":40}},"88":{"start":{"line":89,"column":0},"end":{"line":89,"column":24}},"89":{"start":{"line":90,"column":0},"end":{"line":90,"column":5}},"90":{"start":{"line":91,"column":0},"end":{"line":91,"column":3}},"92":{"start":{"line":93,"column":0},"end":{"line":93,"column":14}},"93":{"start":{"line":94,"column":0},"end":{"line":94,"column":1}},"96":{"start":{"line":97,"column":0},"end":{"line":97,"column":95}},"97":{"start":{"line":98,"column":0},"end":{"line":98,"column":55}},"98":{"start":{"line":99,"column":0},"end":{"line":99,"column":30}},"99":{"start":{"line":100,"column":0},"end":{"line":100,"column":84}},"100":{"start":{"line":101,"column":0},"end":{"line":101,"column":1}},"108":{"start":{"line":109,"column":0},"end":{"line":109,"column":94}},"110":{"start":{"line":111,"column":0},"end":{"line":111,"column":28}},"111":{"start":{"line":112,"column":0},"end":{"line":112,"column":13}},"112":{"start":{"line":113,"column":0},"end":{"line":113,"column":3}},"115":{"start":{"line":116,"column":0},"end":{"line":116,"column":32}},"116":{"start":{"line":117,"column":0},"end":{"line":117,"column":98}},"117":{"start":{"line":118,"column":0},"end":{"line":118,"column":4}},"120":{"start":{"line":121,"column":0},"end":{"line":121,"column":33}},"121":{"start":{"line":122,"column":0},"end":{"line":122,"column":13}},"122":{"start":{"line":123,"column":0},"end":{"line":123,"column":3}},"125":{"start":{"line":126,"column":0},"end":{"line":126,"column":41}},"126":{"start":{"line":127,"column":0},"end":{"line":127,"column":78}},"127":{"start":{"line":128,"column":0},"end":{"line":128,"column":11}},"130":{"start":{"line":131,"column":0},"end":{"line":131,"column":42}},"131":{"start":{"line":132,"column":0},"end":{"line":132,"column":25}},"132":{"start":{"line":133,"column":0},"end":{"line":133,"column":13}},"133":{"start":{"line":134,"column":0},"end":{"line":134,"column":3}},"135":{"start":{"line":136,"column":0},"end":{"line":136,"column":52}},"136":{"start":{"line":137,"column":0},"end":{"line":137,"column":1}},"141":{"start":{"line":142,"column":0},"end":{"line":142,"column":40}},"143":{"start":{"line":144,"column":0},"end":{"line":144,"column":28}},"144":{"start":{"line":145,"column":0},"end":{"line":145,"column":45}},"145":{"start":{"line":146,"column":0},"end":{"line":146,"column":76}},"147":{"start":{"line":148,"column":0},"end":{"line":148,"column":52}},"148":{"start":{"line":149,"column":0},"end":{"line":149,"column":45}},"149":{"start":{"line":150,"column":0},"end":{"line":150,"column":3}},"151":{"start":{"line":152,"column":0},"end":{"line":152,"column":43}},"152":{"start":{"line":153,"column":0},"end":{"line":153,"column":47}},"154":{"start":{"line":155,"column":0},"end":{"line":155,"column":24}},"155":{"start":{"line":156,"column":0},"end":{"line":156,"column":37}},"156":{"start":{"line":157,"column":0},"end":{"line":157,"column":5}},"158":{"start":{"line":159,"column":0},"end":{"line":159,"column":53}},"160":{"start":{"line":161,"column":0},"end":{"line":161,"column":14}},"161":{"start":{"line":162,"column":0},"end":{"line":162,"column":18}},"162":{"start":{"line":163,"column":0},"end":{"line":163,"column":20}},"163":{"start":{"line":164,"column":0},"end":{"line":164,"column":69}},"164":{"start":{"line":165,"column":0},"end":{"line":165,"column":7}},"165":{"start":{"line":166,"column":0},"end":{"line":166,"column":14}},"166":{"start":{"line":167,"column":0},"end":{"line":167,"column":18}},"167":{"start":{"line":168,"column":0},"end":{"line":168,"column":20}},"168":{"start":{"line":169,"column":0},"end":{"line":169,"column":69}},"169":{"start":{"line":170,"column":0},"end":{"line":170,"column":7}},"170":{"start":{"line":171,"column":0},"end":{"line":171,"column":10}},"171":{"start":{"line":172,"column":0},"end":{"line":172,"column":1}},"177":{"start":{"line":178,"column":0},"end":{"line":178,"column":38}},"178":{"start":{"line":179,"column":0},"end":{"line":179,"column":29}},"179":{"start":{"line":180,"column":0},"end":{"line":180,"column":38}},"180":{"start":{"line":181,"column":0},"end":{"line":181,"column":24}},"181":{"start":{"line":182,"column":0},"end":{"line":182,"column":52}},"184":{"start":{"line":185,"column":0},"end":{"line":185,"column":31}},"186":{"start":{"line":187,"column":0},"end":{"line":187,"column":50}},"188":{"start":{"line":189,"column":0},"end":{"line":189,"column":48}},"190":{"start":{"line":191,"column":0},"end":{"line":191,"column":50}},"191":{"start":{"line":192,"column":0},"end":{"line":192,"column":5}},"193":{"start":{"line":194,"column":0},"end":{"line":194,"column":51}},"194":{"start":{"line":195,"column":0},"end":{"line":195,"column":1}},"199":{"start":{"line":200,"column":0},"end":{"line":200,"column":35}},"200":{"start":{"line":201,"column":0},"end":{"line":201,"column":17}},"201":{"start":{"line":202,"column":0},"end":{"line":202,"column":28}},"202":{"start":{"line":203,"column":0},"end":{"line":203,"column":20}},"203":{"start":{"line":204,"column":0},"end":{"line":204,"column":11}},"204":{"start":{"line":205,"column":0},"end":{"line":205,"column":27}},"206":{"start":{"line":207,"column":0},"end":{"line":207,"column":46}},"207":{"start":{"line":208,"column":0},"end":{"line":208,"column":19}},"208":{"start":{"line":209,"column":0},"end":{"line":209,"column":80}},"209":{"start":{"line":210,"column":0},"end":{"line":210,"column":3}},"211":{"start":{"line":212,"column":0},"end":{"line":212,"column":34}},"212":{"start":{"line":213,"column":0},"end":{"line":213,"column":1}},"217":{"start":{"line":218,"column":0},"end":{"line":218,"column":33}},"218":{"start":{"line":219,"column":0},"end":{"line":219,"column":29}},"219":{"start":{"line":220,"column":0},"end":{"line":220,"column":37}},"223":{"start":{"line":224,"column":0},"end":{"line":224,"column":31}},"224":{"start":{"line":225,"column":0},"end":{"line":225,"column":34}},"225":{"start":{"line":226,"column":0},"end":{"line":226,"column":88}},"227":{"start":{"line":228,"column":0},"end":{"line":228,"column":12}},"228":{"start":{"line":229,"column":0},"end":{"line":229,"column":24}},"229":{"start":{"line":230,"column":0},"end":{"line":230,"column":65}},"230":{"start":{"line":231,"column":0},"end":{"line":231,"column":97}},"231":{"start":{"line":232,"column":0},"end":{"line":232,"column":6}},"232":{"start":{"line":233,"column":0},"end":{"line":233,"column":5}},"233":{"start":{"line":234,"column":0},"end":{"line":234,"column":1}}},"s":{"4":1,"6":1,"8":2,"9":2,"11":1,"12":1,"13":1,"14":1,"15":1,"16":1,"17":1,"19":1,"21":1,"23":1,"24":1,"25":1,"26":1,"27":1,"28":1,"29":1,"30":1,"31":1,"33":1,"34":1,"35":1,"37":1,"38":1,"39":1,"41":1,"42":0,"43":0,"45":1,"46":0,"47":0,"49":1,"50":0,"51":0,"52":0,"55":1,"56":0,"57":0,"58":0,"59":0,"60":0,"61":0,"62":0,"63":0,"64":0,"65":0,"68":1,"69":0,"70":0,"73":1,"74":1,"77":1,"78":1,"79":0,"80":0,"83":1,"86":1,"87":0,"88":0,"89":0,"90":0,"92":1,"93":1,"96":1,"97":0,"98":0,"99":0,"100":0,"108":1,"110":0,"111":0,"112":0,"115":0,"116":0,"117":0,"120":0,"121":0,"122":0,"125":0,"126":0,"127":0,"130":0,"131":0,"132":0,"133":0,"135":0,"136":0,"141":1,"143":0,"144":0,"145":0,"147":0,"148":0,"149":0,"151":0,"152":0,"154":0,"155":0,"156":0,"158":0,"160":0,"161":0,"162":0,"163":0,"164":0,"165":0,"166":0,"167":0,"168":0,"169":0,"170":0,"171":0,"177":1,"178":0,"179":0,"180":0,"181":0,"184":0,"186":0,"188":0,"190":0,"191":0,"193":0,"194":0,"199":1,"200":0,"201":0,"202":0,"203":0,"204":0,"206":0,"207":0,"208":0,"209":0,"211":0,"212":0,"217":1,"218":0,"219":0,"223":0,"224":0,"225":0,"227":0,"228":0,"229":0,"230":0,"231":0,"232":0,"233":0},"branchMap":{"0":{"type":"branch","line":7,"loc":{"start":{"line":7,"column":7},"end":{"line":10,"column":1}},"locations":[{"start":{"line":7,"column":7},"end":{"line":10,"column":1}}]},"1":{"type":"branch","line":9,"loc":{"start":{"line":9,"column":23},"end":{"line":9,"column":50}},"locations":[{"start":{"line":9,"column":23},"end":{"line":9,"column":50}}]},"2":{"type":"branch","line":9,"loc":{"start":{"line":9,"column":32},"end":{"line":9,"column":50}},"locations":[{"start":{"line":9,"column":32},"end":{"line":9,"column":50}}]},"3":{"type":"branch","line":12,"loc":{"start":{"line":12,"column":7},"end":{"line":20,"column":1}},"locations":[{"start":{"line":12,"column":7},"end":{"line":20,"column":1}}]},"4":{"type":"branch","line":14,"loc":{"start":{"line":14,"column":30},"end":{"line":14,"column":65}},"locations":[{"start":{"line":14,"column":30},"end":{"line":14,"column":65}}]},"5":{"type":"branch","line":16,"loc":{"start":{"line":16,"column":6},"end":{"line":16,"column":76}},"locations":[{"start":{"line":16,"column":6},"end":{"line":16,"column":76}}]},"6":{"type":"branch","line":16,"loc":{"start":{"line":16,"column":63},"end":{"line":16,"column":76}},"locations":[{"start":{"line":16,"column":63},"end":{"line":16,"column":76}}]},"7":{"type":"branch","line":22,"loc":{"start":{"line":22,"column":7},"end":{"line":32,"column":1}},"locations":[{"start":{"line":22,"column":7},"end":{"line":32,"column":1}}]},"8":{"type":"branch","line":34,"loc":{"start":{"line":34,"column":7},"end":{"line":36,"column":1}},"locations":[{"start":{"line":34,"column":7},"end":{"line":36,"column":1}}]},"9":{"type":"branch","line":38,"loc":{"start":{"line":38,"column":7},"end":{"line":40,"column":1}},"locations":[{"start":{"line":38,"column":7},"end":{"line":40,"column":1}}]},"10":{"type":"branch","line":74,"loc":{"start":{"line":74,"column":7},"end":{"line":94,"column":1}},"locations":[{"start":{"line":74,"column":7},"end":{"line":94,"column":1}}]},"11":{"type":"branch","line":79,"loc":{"start":{"line":79,"column":21},"end":{"line":81,"column":3}},"locations":[{"start":{"line":79,"column":21},"end":{"line":81,"column":3}}]},"12":{"type":"branch","line":87,"loc":{"start":{"line":87,"column":38},"end":{"line":91,"column":3}},"locations":[{"start":{"line":87,"column":38},"end":{"line":91,"column":3}}]}},"b":{"0":[2],"1":[4],"2":[2],"3":[1],"4":[2],"5":[2],"6":[0],"7":[1],"8":[1],"9":[1],"10":[1],"11":[0],"12":[0]},"fnMap":{"0":{"name":"isGameOver","decl":{"start":{"line":7,"column":7},"end":{"line":10,"column":1}},"loc":{"start":{"line":7,"column":7},"end":{"line":10,"column":1}},"line":7},"1":{"name":"getRoundScore","decl":{"start":{"line":12,"column":7},"end":{"line":20,"column":1}},"loc":{"start":{"line":12,"column":7},"end":{"line":20,"column":1}},"line":12},"2":{"name":"bustPlayer","decl":{"start":{"line":22,"column":7},"end":{"line":32,"column":1}},"loc":{"start":{"line":22,"column":7},"end":{"line":32,"column":1}},"line":22},"3":{"name":"addCardToHand","decl":{"start":{"line":34,"column":7},"end":{"line":36,"column":1}},"loc":{"start":{"line":34,"column":7},"end":{"line":36,"column":1}},"line":34},"4":{"name":"addModifier","decl":{"start":{"line":38,"column":7},"end":{"line":40,"column":1}},"loc":{"start":{"line":38,"column":7},"end":{"line":40,"column":1}},"line":38},"5":{"name":"decrementFlipThree","decl":{"start":{"line":42,"column":7},"end":{"line":44,"column":1}},"loc":{"start":{"line":42,"column":7},"end":{"line":44,"column":1}},"line":42},"6":{"name":"copyPlayers","decl":{"start":{"line":46,"column":7},"end":{"line":48,"column":1}},"loc":{"start":{"line":46,"column":7},"end":{"line":48,"column":1}},"line":46},"7":{"name":"hasFlip7Bonus","decl":{"start":{"line":50,"column":7},"end":{"line":53,"column":1}},"loc":{"start":{"line":50,"column":7},"end":{"line":53,"column":1}},"line":50},"8":{"name":"bankPlayer","decl":{"start":{"line":56,"column":7},"end":{"line":66,"column":1}},"loc":{"start":{"line":56,"column":7},"end":{"line":66,"column":1}},"line":56},"9":{"name":"applyFlip7Bonus","decl":{"start":{"line":69,"column":7},"end":{"line":71,"column":1}},"loc":{"start":{"line":69,"column":7},"end":{"line":71,"column":1}},"line":69},"10":{"name":"getFinalScore","decl":{"start":{"line":74,"column":7},"end":{"line":94,"column":1}},"loc":{"start":{"line":74,"column":7},"end":{"line":94,"column":1}},"line":74},"11":{"name":"getGameWinners","decl":{"start":{"line":97,"column":7},"end":{"line":101,"column":1}},"loc":{"start":{"line":97,"column":7},"end":{"line":101,"column":1}},"line":97},"12":{"name":"getOddsOfBusting","decl":{"start":{"line":109,"column":7},"end":{"line":137,"column":1}},"loc":{"start":{"line":109,"column":7},"end":{"line":137,"column":1}},"line":109},"13":{"name":"celebrateFlip7","decl":{"start":{"line":142,"column":7},"end":{"line":172,"column":1}},"loc":{"start":{"line":142,"column":7},"end":{"line":172,"column":1}},"line":142},"14":{"name":"discardRemainingCards","decl":{"start":{"line":178,"column":7},"end":{"line":195,"column":1}},"loc":{"start":{"line":178,"column":7},"end":{"line":195,"column":1}},"line":178},"15":{"name":"getBustOddsDisplay","decl":{"start":{"line":200,"column":7},"end":{"line":213,"column":1}},"loc":{"start":{"line":200,"column":7},"end":{"line":213,"column":1}},"line":200},"16":{"name":"captureRoundData","decl":{"start":{"line":218,"column":7},"end":{"line":234,"column":1}},"loc":{"start":{"line":218,"column":7},"end":{"line":234,"column":1}},"line":218}},"f":{"0":2,"1":1,"2":1,"3":1,"4":1,"5":0,"6":0,"7":0,"8":0,"9":0,"10":1,"11":0,"12":0,"13":0,"14":0,"15":0,"16":0}},"/workspaces/flip-7/src/lib/player.ts":{"path":"/workspaces/flip-7/src/lib/player.ts","all":false,"statementMap":{"3":{"start":{"line":4,"column":0},"end":{"line":4,"column":52}},"4":{"start":{"line":5,"column":0},"end":{"line":5,"column":10}},"5":{"start":{"line":6,"column":0},"end":{"line":6,"column":9}},"6":{"start":{"line":7,"column":0},"end":{"line":7,"column":13}},"7":{"start":{"line":8,"column":0},"end":{"line":8,"column":20}},"8":{"start":{"line":9,"column":0},"end":{"line":9,"column":18}},"9":{"start":{"line":10,"column":0},"end":{"line":10,"column":20}},"10":{"start":{"line":11,"column":0},"end":{"line":11,"column":24}},"11":{"start":{"line":12,"column":0},"end":{"line":12,"column":18}},"12":{"start":{"line":13,"column":0},"end":{"line":13,"column":18}},"13":{"start":{"line":14,"column":0},"end":{"line":14,"column":20}},"14":{"start":{"line":15,"column":0},"end":{"line":15,"column":19}},"15":{"start":{"line":16,"column":0},"end":{"line":16,"column":17}},"16":{"start":{"line":17,"column":0},"end":{"line":17,"column":25}},"17":{"start":{"line":18,"column":0},"end":{"line":18,"column":4}},"18":{"start":{"line":19,"column":0},"end":{"line":19,"column":1}}},"s":{"3":1,"4":10,"5":10,"6":10,"7":10,"8":10,"9":10,"10":10,"11":10,"12":10,"13":10,"14":10,"15":10,"16":10,"17":10,"18":10},"branchMap":{"0":{"type":"branch","line":4,"loc":{"start":{"line":4,"column":7},"end":{"line":19,"column":1}},"locations":[{"start":{"line":4,"column":7},"end":{"line":19,"column":1}}]}},"b":{"0":[10]},"fnMap":{"0":{"name":"createPlayer","decl":{"start":{"line":4,"column":7},"end":{"line":19,"column":1}},"loc":{"start":{"line":4,"column":7},"end":{"line":19,"column":1}},"line":4}},"f":{"0":10}},"/workspaces/flip-7/src/lib/gameState.ts":{"path":"/workspaces/flip-7/src/lib/gameState.ts","all":true,"statementMap":{"2":{"start":{"line":3,"column":0},"end":{"line":3,"column":54}},"3":{"start":{"line":4,"column":0},"end":{"line":4,"column":43}},"5":{"start":{"line":6,"column":0},"end":{"line":6,"column":80}},"6":{"start":{"line":7,"column":0},"end":{"line":7,"column":60}},"8":{"start":{"line":9,"column":0},"end":{"line":9,"column":10}},"9":{"start":{"line":10,"column":0},"end":{"line":10,"column":13}},"10":{"start":{"line":11,"column":0},"end":{"line":11,"column":16}},"11":{"start":{"line":12,"column":0},"end":{"line":12,"column":90}},"12":{"start":{"line":13,"column":0},"end":{"line":13,"column":21}},"13":{"start":{"line":14,"column":0},"end":{"line":14,"column":13}},"14":{"start":{"line":15,"column":0},"end":{"line":15,"column":15}},"15":{"start":{"line":16,"column":0},"end":{"line":16,"column":20}},"16":{"start":{"line":17,"column":0},"end":{"line":17,"column":29}},"17":{"start":{"line":18,"column":0},"end":{"line":18,"column":21}},"18":{"start":{"line":19,"column":0},"end":{"line":19,"column":12}},"19":{"start":{"line":20,"column":0},"end":{"line":20,"column":98}},"20":{"start":{"line":21,"column":0},"end":{"line":21,"column":17}},"21":{"start":{"line":22,"column":0},"end":{"line":22,"column":4}},"22":{"start":{"line":23,"column":0},"end":{"line":23,"column":1}}},"s":{"2":0,"3":0,"5":0,"6":0,"8":0,"9":0,"10":0,"11":0,"12":0,"13":0,"14":0,"15":0,"16":0,"17":0,"18":0,"19":0,"20":0,"21":0,"22":0},"branchMap":{"0":{"type":"branch","line":1,"loc":{"start":{"line":1,"column":737},"end":{"line":23,"column":1}},"locations":[{"start":{"line":1,"column":737},"end":{"line":23,"column":1}}]}},"b":{"0":[1]},"fnMap":{"0":{"name":"(empty-report)","decl":{"start":{"line":1,"column":737},"end":{"line":23,"column":1}},"loc":{"start":{"line":1,"column":737},"end":{"line":23,"column":1}},"line":1}},"f":{"0":1}},"/workspaces/flip-7/src/types.ts":{"path":"/workspaces/flip-7/src/types.ts","all":true,"statementMap":{},"s":{},"branchMap":{"0":{"type":"branch","line":1,"loc":{"start":{"line":1,"column":2517},"end":{"line":69,"column":1}},"locations":[{"start":{"line":1,"column":2517},"end":{"line":69,"column":1}}]}},"b":{"0":[1]},"fnMap":{"0":{"name":"(empty-report)","decl":{"start":{"line":1,"column":2517},"end":{"line":69,"column":1}},"loc":{"start":{"line":1,"column":2517},"end":{"line":69,"column":1}},"line":1}},"f":{"0":1}},"/workspaces/flip-7/src/lib/flipThree.ts":{"path":"/workspaces/flip-7/src/lib/flipThree.ts","all":true,"statementMap":{"1":{"start":{"line":2,"column":0},"end":{"line":2,"column":72}},"7":{"start":{"line":8,"column":0},"end":{"line":8,"column":60}},"8":{"start":{"line":9,"column":0},"end":{"line":9,"column":40}},"9":{"start":{"line":10,"column":0},"end":{"line":10,"column":40}},"10":{"start":{"line":11,"column":0},"end":{"line":11,"column":49}},"11":{"start":{"line":12,"column":0},"end":{"line":12,"column":63}},"12":{"start":{"line":13,"column":0},"end":{"line":13,"column":63}},"13":{"start":{"line":14,"column":0},"end":{"line":14,"column":53}},"14":{"start":{"line":15,"column":0},"end":{"line":15,"column":44}},"15":{"start":{"line":16,"column":0},"end":{"line":16,"column":31}},"16":{"start":{"line":17,"column":0},"end":{"line":17,"column":65}},"18":{"start":{"line":19,"column":0},"end":{"line":19,"column":87}},"19":{"start":{"line":20,"column":0},"end":{"line":20,"column":61}},"20":{"start":{"line":21,"column":0},"end":{"line":21,"column":14}},"21":{"start":{"line":22,"column":0},"end":{"line":22,"column":17}},"22":{"start":{"line":23,"column":0},"end":{"line":23,"column":22}},"23":{"start":{"line":24,"column":0},"end":{"line":24,"column":16}},"24":{"start":{"line":25,"column":0},"end":{"line":25,"column":59}},"25":{"start":{"line":26,"column":0},"end":{"line":26,"column":34}},"26":{"start":{"line":27,"column":0},"end":{"line":27,"column":8}},"27":{"start":{"line":28,"column":0},"end":{"line":28,"column":5}},"28":{"start":{"line":29,"column":0},"end":{"line":29,"column":71}},"29":{"start":{"line":30,"column":0},"end":{"line":30,"column":40}},"30":{"start":{"line":31,"column":0},"end":{"line":31,"column":67}},"31":{"start":{"line":32,"column":0},"end":{"line":32,"column":38}},"33":{"start":{"line":34,"column":0},"end":{"line":34,"column":12}},"34":{"start":{"line":35,"column":0},"end":{"line":35,"column":15}},"35":{"start":{"line":36,"column":0},"end":{"line":36,"column":20}},"36":{"start":{"line":37,"column":0},"end":{"line":37,"column":14}},"37":{"start":{"line":38,"column":0},"end":{"line":38,"column":40}},"38":{"start":{"line":39,"column":0},"end":{"line":39,"column":33}},"39":{"start":{"line":40,"column":0},"end":{"line":40,"column":6}},"40":{"start":{"line":41,"column":0},"end":{"line":41,"column":3}},"41":{"start":{"line":42,"column":0},"end":{"line":42,"column":33}},"43":{"start":{"line":44,"column":0},"end":{"line":44,"column":46}},"44":{"start":{"line":45,"column":0},"end":{"line":45,"column":39}},"45":{"start":{"line":46,"column":0},"end":{"line":46,"column":13}},"46":{"start":{"line":47,"column":0},"end":{"line":47,"column":23}},"47":{"start":{"line":48,"column":0},"end":{"line":48,"column":30}},"48":{"start":{"line":49,"column":0},"end":{"line":49,"column":62}},"49":{"start":{"line":50,"column":0},"end":{"line":50,"column":8}},"50":{"start":{"line":51,"column":0},"end":{"line":51,"column":6}},"51":{"start":{"line":52,"column":0},"end":{"line":52,"column":12}},"52":{"start":{"line":53,"column":0},"end":{"line":53,"column":15}},"53":{"start":{"line":54,"column":0},"end":{"line":54,"column":20}},"54":{"start":{"line":55,"column":0},"end":{"line":55,"column":14}},"55":{"start":{"line":56,"column":0},"end":{"line":56,"column":32}},"56":{"start":{"line":57,"column":0},"end":{"line":57,"column":63}},"57":{"start":{"line":58,"column":0},"end":{"line":58,"column":33}},"58":{"start":{"line":59,"column":0},"end":{"line":59,"column":6}},"59":{"start":{"line":60,"column":0},"end":{"line":60,"column":3}},"61":{"start":{"line":62,"column":0},"end":{"line":62,"column":47}},"62":{"start":{"line":63,"column":0},"end":{"line":63,"column":10}},"63":{"start":{"line":64,"column":0},"end":{"line":64,"column":13}},"64":{"start":{"line":65,"column":0},"end":{"line":65,"column":18}},"65":{"start":{"line":66,"column":0},"end":{"line":66,"column":12}},"66":{"start":{"line":67,"column":0},"end":{"line":67,"column":27}},"67":{"start":{"line":68,"column":0},"end":{"line":68,"column":32}},"68":{"start":{"line":69,"column":0},"end":{"line":69,"column":41}},"69":{"start":{"line":70,"column":0},"end":{"line":70,"column":4}},"70":{"start":{"line":71,"column":0},"end":{"line":71,"column":1}}},"s":{"1":0,"7":0,"8":0,"9":0,"10":0,"11":0,"12":0,"13":0,"14":0,"15":0,"16":0,"18":0,"19":0,"20":0,"21":0,"22":0,"23":0,"24":0,"25":0,"26":0,"27":0,"28":0,"29":0,"30":0,"31":0,"33":0,"34":0,"35":0,"36":0,"37":0,"38":0,"39":0,"40":0,"41":0,"43":0,"44":0,"45":0,"46":0,"47":0,"48":0,"49":0,"50":0,"51":0,"52":0,"53":0,"54":0,"55":0,"56":0,"57":0,"58":0,"59":0,"61":0,"62":0,"63":0,"64":0,"65":0,"66":0,"67":0,"68":0,"69":0,"70":0},"branchMap":{"0":{"type":"branch","line":1,"loc":{"start":{"line":1,"column":2336},"end":{"line":71,"column":1}},"locations":[{"start":{"line":1,"column":2336},"end":{"line":71,"column":1}}]}},"b":{"0":[1]},"fnMap":{"0":{"name":"(empty-report)","decl":{"start":{"line":1,"column":2336},"end":{"line":71,"column":1}},"loc":{"start":{"line":1,"column":2336},"end":{"line":71,"column":1}},"line":1}},"f":{"0":1}},"/workspaces/flip-7/src/lib/gameLogic.ts":{"path":"/workspaces/flip-7/src/lib/gameLogic.ts","all":true,"statementMap":{"3":{"start":{"line":4,"column":0},"end":{"line":4,"column":8}},"20":{"start":{"line":21,"column":0},"end":{"line":21,"column":47}},"22":{"start":{"line":23,"column":0},"end":{"line":23,"column":50}},"23":{"start":{"line":24,"column":0},"end":{"line":24,"column":67}},"24":{"start":{"line":25,"column":0},"end":{"line":25,"column":58}},"25":{"start":{"line":26,"column":0},"end":{"line":26,"column":70}},"26":{"start":{"line":27,"column":0},"end":{"line":27,"column":2}},"29":{"start":{"line":30,"column":0},"end":{"line":30,"column":77}},"30":{"start":{"line":31,"column":0},"end":{"line":31,"column":10}},"31":{"start":{"line":32,"column":0},"end":{"line":32,"column":13}},"32":{"start":{"line":33,"column":0},"end":{"line":33,"column":45}},"33":{"start":{"line":34,"column":0},"end":{"line":34,"column":23}},"34":{"start":{"line":35,"column":0},"end":{"line":35,"column":4}},"35":{"start":{"line":36,"column":0},"end":{"line":36,"column":1}},"37":{"start":{"line":38,"column":0},"end":{"line":38,"column":56}},"38":{"start":{"line":39,"column":0},"end":{"line":39,"column":40}},"39":{"start":{"line":40,"column":0},"end":{"line":40,"column":10}},"40":{"start":{"line":41,"column":0},"end":{"line":41,"column":13}},"41":{"start":{"line":42,"column":0},"end":{"line":42,"column":22}},"42":{"start":{"line":43,"column":0},"end":{"line":43,"column":27}},"43":{"start":{"line":44,"column":0},"end":{"line":44,"column":4}},"44":{"start":{"line":45,"column":0},"end":{"line":45,"column":1}},"47":{"start":{"line":48,"column":0},"end":{"line":48,"column":18}},"48":{"start":{"line":49,"column":0},"end":{"line":49,"column":32}},"49":{"start":{"line":50,"column":0},"end":{"line":50,"column":61}},"50":{"start":{"line":51,"column":0},"end":{"line":51,"column":34}},"51":{"start":{"line":52,"column":0},"end":{"line":52,"column":1}},"54":{"start":{"line":55,"column":0},"end":{"line":55,"column":67}},"56":{"start":{"line":57,"column":0},"end":{"line":57,"column":51}},"57":{"start":{"line":58,"column":0},"end":{"line":58,"column":41}},"58":{"start":{"line":59,"column":0},"end":{"line":59,"column":77}},"59":{"start":{"line":60,"column":0},"end":{"line":60,"column":14}},"60":{"start":{"line":61,"column":0},"end":{"line":61,"column":1}},"62":{"start":{"line":63,"column":0},"end":{"line":63,"column":55}},"64":{"start":{"line":65,"column":0},"end":{"line":65,"column":77}},"65":{"start":{"line":66,"column":0},"end":{"line":66,"column":35}},"68":{"start":{"line":69,"column":0},"end":{"line":69,"column":83}},"69":{"start":{"line":70,"column":0},"end":{"line":70,"column":61}},"70":{"start":{"line":71,"column":0},"end":{"line":71,"column":3}},"73":{"start":{"line":74,"column":0},"end":{"line":74,"column":74}},"75":{"start":{"line":76,"column":0},"end":{"line":76,"column":40}},"76":{"start":{"line":77,"column":0},"end":{"line":77,"column":43}},"77":{"start":{"line":78,"column":0},"end":{"line":78,"column":41}},"79":{"start":{"line":80,"column":0},"end":{"line":80,"column":14}},"80":{"start":{"line":81,"column":0},"end":{"line":81,"column":69}},"81":{"start":{"line":82,"column":0},"end":{"line":82,"column":3}},"83":{"start":{"line":84,"column":0},"end":{"line":84,"column":45}},"84":{"start":{"line":85,"column":0},"end":{"line":85,"column":44}},"87":{"start":{"line":88,"column":0},"end":{"line":88,"column":45}},"90":{"start":{"line":91,"column":0},"end":{"line":91,"column":38}},"93":{"start":{"line":94,"column":0},"end":{"line":94,"column":97}},"95":{"start":{"line":96,"column":0},"end":{"line":96,"column":31}},"96":{"start":{"line":97,"column":0},"end":{"line":97,"column":28}},"97":{"start":{"line":98,"column":0},"end":{"line":98,"column":59}},"98":{"start":{"line":99,"column":0},"end":{"line":99,"column":13}},"99":{"start":{"line":100,"column":0},"end":{"line":100,"column":14}},"100":{"start":{"line":101,"column":0},"end":{"line":101,"column":19}},"101":{"start":{"line":102,"column":0},"end":{"line":102,"column":11}},"102":{"start":{"line":103,"column":0},"end":{"line":103,"column":14}},"103":{"start":{"line":104,"column":0},"end":{"line":104,"column":24}},"104":{"start":{"line":105,"column":0},"end":{"line":105,"column":6}},"105":{"start":{"line":106,"column":0},"end":{"line":106,"column":40}},"106":{"start":{"line":107,"column":0},"end":{"line":107,"column":30}},"107":{"start":{"line":108,"column":0},"end":{"line":108,"column":59}},"108":{"start":{"line":109,"column":0},"end":{"line":109,"column":13}},"109":{"start":{"line":110,"column":0},"end":{"line":110,"column":14}},"110":{"start":{"line":111,"column":0},"end":{"line":111,"column":19}},"111":{"start":{"line":112,"column":0},"end":{"line":112,"column":11}},"112":{"start":{"line":113,"column":0},"end":{"line":113,"column":14}},"113":{"start":{"line":114,"column":0},"end":{"line":114,"column":6}},"114":{"start":{"line":115,"column":0},"end":{"line":115,"column":38}},"115":{"start":{"line":116,"column":0},"end":{"line":116,"column":35}},"116":{"start":{"line":117,"column":0},"end":{"line":117,"column":25}},"117":{"start":{"line":118,"column":0},"end":{"line":118,"column":77}},"118":{"start":{"line":119,"column":0},"end":{"line":119,"column":11}},"119":{"start":{"line":120,"column":0},"end":{"line":120,"column":19}},"120":{"start":{"line":121,"column":0},"end":{"line":121,"column":10}},"121":{"start":{"line":122,"column":0},"end":{"line":122,"column":6}},"122":{"start":{"line":123,"column":0},"end":{"line":123,"column":3}},"124":{"start":{"line":125,"column":0},"end":{"line":125,"column":15}},"125":{"start":{"line":126,"column":0},"end":{"line":126,"column":1}},"127":{"start":{"line":128,"column":0},"end":{"line":128,"column":26}},"128":{"start":{"line":129,"column":0},"end":{"line":129,"column":19}},"129":{"start":{"line":130,"column":0},"end":{"line":130,"column":17}},"130":{"start":{"line":131,"column":0},"end":{"line":131,"column":29}},"131":{"start":{"line":132,"column":0},"end":{"line":132,"column":23}},"132":{"start":{"line":133,"column":0},"end":{"line":133,"column":17}},"133":{"start":{"line":134,"column":0},"end":{"line":134,"column":35}},"134":{"start":{"line":135,"column":0},"end":{"line":135,"column":28}},"135":{"start":{"line":136,"column":0},"end":{"line":136,"column":14}},"137":{"start":{"line":138,"column":0},"end":{"line":138,"column":63}},"138":{"start":{"line":139,"column":0},"end":{"line":139,"column":30}},"139":{"start":{"line":140,"column":0},"end":{"line":140,"column":32}},"140":{"start":{"line":141,"column":0},"end":{"line":141,"column":14}},"141":{"start":{"line":142,"column":0},"end":{"line":142,"column":15}},"142":{"start":{"line":143,"column":0},"end":{"line":143,"column":16}},"143":{"start":{"line":144,"column":0},"end":{"line":144,"column":21}},"144":{"start":{"line":145,"column":0},"end":{"line":145,"column":13}},"145":{"start":{"line":146,"column":0},"end":{"line":146,"column":16}},"146":{"start":{"line":147,"column":0},"end":{"line":147,"column":26}},"147":{"start":{"line":148,"column":0},"end":{"line":148,"column":8}},"148":{"start":{"line":149,"column":0},"end":{"line":149,"column":5}},"149":{"start":{"line":150,"column":0},"end":{"line":150,"column":75}},"150":{"start":{"line":151,"column":0},"end":{"line":151,"column":3}},"153":{"start":{"line":154,"column":0},"end":{"line":154,"column":39}},"154":{"start":{"line":155,"column":0},"end":{"line":155,"column":33}},"155":{"start":{"line":156,"column":0},"end":{"line":156,"column":37}},"158":{"start":{"line":159,"column":0},"end":{"line":159,"column":31}},"159":{"start":{"line":160,"column":0},"end":{"line":160,"column":99}},"160":{"start":{"line":161,"column":0},"end":{"line":161,"column":3}},"162":{"start":{"line":163,"column":0},"end":{"line":163,"column":92}},"164":{"start":{"line":165,"column":0},"end":{"line":165,"column":10}},"165":{"start":{"line":166,"column":0},"end":{"line":166,"column":13}},"166":{"start":{"line":167,"column":0},"end":{"line":167,"column":18}},"167":{"start":{"line":168,"column":0},"end":{"line":168,"column":12}},"168":{"start":{"line":169,"column":0},"end":{"line":169,"column":11}},"169":{"start":{"line":170,"column":0},"end":{"line":170,"column":4}},"170":{"start":{"line":171,"column":0},"end":{"line":171,"column":1}},"172":{"start":{"line":173,"column":0},"end":{"line":173,"column":28}},"173":{"start":{"line":174,"column":0},"end":{"line":174,"column":19}},"174":{"start":{"line":175,"column":0},"end":{"line":175,"column":17}},"175":{"start":{"line":176,"column":0},"end":{"line":176,"column":29}},"176":{"start":{"line":177,"column":0},"end":{"line":177,"column":23}},"177":{"start":{"line":178,"column":0},"end":{"line":178,"column":17}},"178":{"start":{"line":179,"column":0},"end":{"line":179,"column":35}},"179":{"start":{"line":180,"column":0},"end":{"line":180,"column":14}},"180":{"start":{"line":181,"column":0},"end":{"line":181,"column":37}},"181":{"start":{"line":182,"column":0},"end":{"line":182,"column":33}},"183":{"start":{"line":184,"column":0},"end":{"line":184,"column":92}},"185":{"start":{"line":186,"column":0},"end":{"line":186,"column":10}},"186":{"start":{"line":187,"column":0},"end":{"line":187,"column":13}},"187":{"start":{"line":188,"column":0},"end":{"line":188,"column":18}},"188":{"start":{"line":189,"column":0},"end":{"line":189,"column":12}},"189":{"start":{"line":190,"column":0},"end":{"line":190,"column":11}},"190":{"start":{"line":191,"column":0},"end":{"line":191,"column":4}},"191":{"start":{"line":192,"column":0},"end":{"line":192,"column":1}},"194":{"start":{"line":195,"column":0},"end":{"line":195,"column":28}},"195":{"start":{"line":196,"column":0},"end":{"line":196,"column":8}},"196":{"start":{"line":197,"column":0},"end":{"line":197,"column":9}},"197":{"start":{"line":198,"column":0},"end":{"line":198,"column":10}},"198":{"start":{"line":199,"column":0},"end":{"line":199,"column":15}},"199":{"start":{"line":200,"column":0},"end":{"line":200,"column":7}},"200":{"start":{"line":201,"column":0},"end":{"line":201,"column":10}},"201":{"start":{"line":202,"column":0},"end":{"line":202,"column":20}},"202":{"start":{"line":203,"column":0},"end":{"line":203,"column":3}},"203":{"start":{"line":204,"column":0},"end":{"line":204,"column":19}},"204":{"start":{"line":205,"column":0},"end":{"line":205,"column":21}},"205":{"start":{"line":206,"column":0},"end":{"line":206,"column":42}},"206":{"start":{"line":207,"column":0},"end":{"line":207,"column":47}},"207":{"start":{"line":208,"column":0},"end":{"line":208,"column":4}},"209":{"start":{"line":210,"column":0},"end":{"line":210,"column":46}},"210":{"start":{"line":211,"column":0},"end":{"line":211,"column":25}},"211":{"start":{"line":212,"column":0},"end":{"line":212,"column":14}},"212":{"start":{"line":213,"column":0},"end":{"line":213,"column":24}},"213":{"start":{"line":214,"column":0},"end":{"line":214,"column":18}},"214":{"start":{"line":215,"column":0},"end":{"line":215,"column":33}},"215":{"start":{"line":216,"column":0},"end":{"line":216,"column":4}},"216":{"start":{"line":217,"column":0},"end":{"line":217,"column":40}},"217":{"start":{"line":218,"column":0},"end":{"line":218,"column":55}},"218":{"start":{"line":219,"column":0},"end":{"line":219,"column":10}},"219":{"start":{"line":220,"column":0},"end":{"line":220,"column":13}},"220":{"start":{"line":221,"column":0},"end":{"line":221,"column":18}},"221":{"start":{"line":222,"column":0},"end":{"line":222,"column":12}},"222":{"start":{"line":223,"column":0},"end":{"line":223,"column":12}},"223":{"start":{"line":224,"column":0},"end":{"line":224,"column":67}},"224":{"start":{"line":225,"column":0},"end":{"line":225,"column":21}},"225":{"start":{"line":226,"column":0},"end":{"line":226,"column":65}},"226":{"start":{"line":227,"column":0},"end":{"line":227,"column":61}},"227":{"start":{"line":228,"column":0},"end":{"line":228,"column":4}},"228":{"start":{"line":229,"column":0},"end":{"line":229,"column":1}},"230":{"start":{"line":231,"column":0},"end":{"line":231,"column":20}},"231":{"start":{"line":232,"column":0},"end":{"line":232,"column":19}},"232":{"start":{"line":233,"column":0},"end":{"line":233,"column":17}},"233":{"start":{"line":234,"column":0},"end":{"line":234,"column":29}},"234":{"start":{"line":235,"column":0},"end":{"line":235,"column":23}},"235":{"start":{"line":236,"column":0},"end":{"line":236,"column":17}},"236":{"start":{"line":237,"column":0},"end":{"line":237,"column":35}},"237":{"start":{"line":238,"column":0},"end":{"line":238,"column":14}},"238":{"start":{"line":239,"column":0},"end":{"line":239,"column":48}},"240":{"start":{"line":241,"column":0},"end":{"line":241,"column":66}},"242":{"start":{"line":243,"column":0},"end":{"line":243,"column":34}},"243":{"start":{"line":244,"column":0},"end":{"line":244,"column":66}},"245":{"start":{"line":246,"column":0},"end":{"line":246,"column":10}},"246":{"start":{"line":247,"column":0},"end":{"line":247,"column":13}},"247":{"start":{"line":248,"column":0},"end":{"line":248,"column":18}},"248":{"start":{"line":249,"column":0},"end":{"line":249,"column":24}},"249":{"start":{"line":250,"column":0},"end":{"line":250,"column":12}},"250":{"start":{"line":251,"column":0},"end":{"line":251,"column":30}},"251":{"start":{"line":252,"column":0},"end":{"line":252,"column":4}},"252":{"start":{"line":253,"column":0},"end":{"line":253,"column":1}},"254":{"start":{"line":255,"column":0},"end":{"line":255,"column":26}},"255":{"start":{"line":256,"column":0},"end":{"line":256,"column":19}},"256":{"start":{"line":257,"column":0},"end":{"line":257,"column":29}},"257":{"start":{"line":258,"column":0},"end":{"line":258,"column":23}},"258":{"start":{"line":259,"column":0},"end":{"line":259,"column":35}},"259":{"start":{"line":260,"column":0},"end":{"line":260,"column":31}},"260":{"start":{"line":261,"column":0},"end":{"line":261,"column":14}},"261":{"start":{"line":262,"column":0},"end":{"line":262,"column":39}},"262":{"start":{"line":263,"column":0},"end":{"line":263,"column":69}},"265":{"start":{"line":266,"column":0},"end":{"line":266,"column":34}},"266":{"start":{"line":267,"column":0},"end":{"line":267,"column":30}},"267":{"start":{"line":268,"column":0},"end":{"line":268,"column":14}},"268":{"start":{"line":269,"column":0},"end":{"line":269,"column":37}},"269":{"start":{"line":270,"column":0},"end":{"line":270,"column":20}},"270":{"start":{"line":271,"column":0},"end":{"line":271,"column":18}},"271":{"start":{"line":272,"column":0},"end":{"line":272,"column":17}},"272":{"start":{"line":273,"column":0},"end":{"line":273,"column":18}},"273":{"start":{"line":274,"column":0},"end":{"line":274,"column":4}},"276":{"start":{"line":277,"column":0},"end":{"line":277,"column":35}},"277":{"start":{"line":278,"column":0},"end":{"line":278,"column":12}},"278":{"start":{"line":279,"column":0},"end":{"line":279,"column":17}},"279":{"start":{"line":280,"column":0},"end":{"line":280,"column":31}},"280":{"start":{"line":281,"column":0},"end":{"line":281,"column":20}},"281":{"start":{"line":282,"column":0},"end":{"line":282,"column":20}},"282":{"start":{"line":283,"column":0},"end":{"line":283,"column":61}},"283":{"start":{"line":284,"column":0},"end":{"line":284,"column":5}},"284":{"start":{"line":285,"column":0},"end":{"line":285,"column":18}},"285":{"start":{"line":286,"column":0},"end":{"line":286,"column":25}},"286":{"start":{"line":287,"column":0},"end":{"line":287,"column":73}},"287":{"start":{"line":288,"column":0},"end":{"line":288,"column":8}},"290":{"start":{"line":291,"column":0},"end":{"line":291,"column":72}},"293":{"start":{"line":294,"column":0},"end":{"line":294,"column":7}},"294":{"start":{"line":295,"column":0},"end":{"line":295,"column":21}},"295":{"start":{"line":296,"column":0},"end":{"line":296,"column":15}},"297":{"start":{"line":298,"column":0},"end":{"line":298,"column":3}},"300":{"start":{"line":301,"column":0},"end":{"line":301,"column":75}},"302":{"start":{"line":303,"column":0},"end":{"line":303,"column":10}},"303":{"start":{"line":304,"column":0},"end":{"line":304,"column":13}},"304":{"start":{"line":305,"column":0},"end":{"line":305,"column":18}},"305":{"start":{"line":306,"column":0},"end":{"line":306,"column":24}},"306":{"start":{"line":307,"column":0},"end":{"line":307,"column":26}},"307":{"start":{"line":308,"column":0},"end":{"line":308,"column":41}},"308":{"start":{"line":309,"column":0},"end":{"line":309,"column":19}},"309":{"start":{"line":310,"column":0},"end":{"line":310,"column":22}},"310":{"start":{"line":311,"column":0},"end":{"line":311,"column":60}},"311":{"start":{"line":312,"column":0},"end":{"line":312,"column":62}},"312":{"start":{"line":313,"column":0},"end":{"line":313,"column":4}},"313":{"start":{"line":314,"column":0},"end":{"line":314,"column":1}},"315":{"start":{"line":316,"column":0},"end":{"line":316,"column":30}},"316":{"start":{"line":317,"column":0},"end":{"line":317,"column":19}},"317":{"start":{"line":318,"column":0},"end":{"line":318,"column":17}},"318":{"start":{"line":319,"column":0},"end":{"line":319,"column":23}},"319":{"start":{"line":320,"column":0},"end":{"line":320,"column":21}},"320":{"start":{"line":321,"column":0},"end":{"line":321,"column":14}},"321":{"start":{"line":322,"column":0},"end":{"line":322,"column":32}},"323":{"start":{"line":324,"column":0},"end":{"line":324,"column":35}},"324":{"start":{"line":325,"column":0},"end":{"line":325,"column":22}},"325":{"start":{"line":326,"column":0},"end":{"line":326,"column":23}},"326":{"start":{"line":327,"column":0},"end":{"line":327,"column":13}},"327":{"start":{"line":328,"column":0},"end":{"line":328,"column":21}},"328":{"start":{"line":329,"column":0},"end":{"line":329,"column":8}},"329":{"start":{"line":330,"column":0},"end":{"line":330,"column":18}},"330":{"start":{"line":331,"column":0},"end":{"line":331,"column":6}},"331":{"start":{"line":332,"column":0},"end":{"line":332,"column":86}},"332":{"start":{"line":333,"column":0},"end":{"line":333,"column":3}},"333":{"start":{"line":334,"column":0},"end":{"line":334,"column":36}},"335":{"start":{"line":336,"column":0},"end":{"line":336,"column":35}},"336":{"start":{"line":337,"column":0},"end":{"line":337,"column":22}},"337":{"start":{"line":338,"column":0},"end":{"line":338,"column":27}},"338":{"start":{"line":339,"column":0},"end":{"line":339,"column":13}},"339":{"start":{"line":340,"column":0},"end":{"line":340,"column":21}},"340":{"start":{"line":341,"column":0},"end":{"line":341,"column":8}},"341":{"start":{"line":342,"column":0},"end":{"line":342,"column":18}},"342":{"start":{"line":343,"column":0},"end":{"line":343,"column":6}},"343":{"start":{"line":344,"column":0},"end":{"line":344,"column":86}},"344":{"start":{"line":345,"column":0},"end":{"line":345,"column":3}},"345":{"start":{"line":346,"column":0},"end":{"line":346,"column":39}},"346":{"start":{"line":347,"column":0},"end":{"line":347,"column":47}},"347":{"start":{"line":348,"column":0},"end":{"line":348,"column":67}},"348":{"start":{"line":349,"column":0},"end":{"line":349,"column":6}},"349":{"start":{"line":350,"column":0},"end":{"line":350,"column":12}},"350":{"start":{"line":351,"column":0},"end":{"line":351,"column":15}},"351":{"start":{"line":352,"column":0},"end":{"line":352,"column":14}},"352":{"start":{"line":353,"column":0},"end":{"line":353,"column":40}},"353":{"start":{"line":354,"column":0},"end":{"line":354,"column":46}},"354":{"start":{"line":355,"column":0},"end":{"line":355,"column":6}},"355":{"start":{"line":356,"column":0},"end":{"line":356,"column":3}},"356":{"start":{"line":357,"column":0},"end":{"line":357,"column":15}},"357":{"start":{"line":358,"column":0},"end":{"line":358,"column":1}},"359":{"start":{"line":360,"column":0},"end":{"line":360,"column":84}},"360":{"start":{"line":361,"column":0},"end":{"line":361,"column":79}},"363":{"start":{"line":364,"column":0},"end":{"line":364,"column":71}},"365":{"start":{"line":366,"column":0},"end":{"line":366,"column":73}},"366":{"start":{"line":367,"column":0},"end":{"line":367,"column":45}},"368":{"start":{"line":369,"column":0},"end":{"line":369,"column":26}},"369":{"start":{"line":370,"column":0},"end":{"line":370,"column":57}},"370":{"start":{"line":371,"column":0},"end":{"line":371,"column":37}},"371":{"start":{"line":372,"column":0},"end":{"line":372,"column":60}},"372":{"start":{"line":373,"column":0},"end":{"line":373,"column":3}},"374":{"start":{"line":375,"column":0},"end":{"line":375,"column":15}},"375":{"start":{"line":376,"column":0},"end":{"line":376,"column":1}},"377":{"start":{"line":378,"column":0},"end":{"line":378,"column":28}},"378":{"start":{"line":379,"column":0},"end":{"line":379,"column":19}},"379":{"start":{"line":380,"column":0},"end":{"line":380,"column":29}},"380":{"start":{"line":381,"column":0},"end":{"line":381,"column":20}},"381":{"start":{"line":382,"column":0},"end":{"line":382,"column":14}},"382":{"start":{"line":383,"column":0},"end":{"line":383,"column":54}},"384":{"start":{"line":385,"column":0},"end":{"line":385,"column":37}},"385":{"start":{"line":386,"column":0},"end":{"line":386,"column":13}},"386":{"start":{"line":387,"column":0},"end":{"line":387,"column":12}},"387":{"start":{"line":388,"column":0},"end":{"line":388,"column":5}},"389":{"start":{"line":390,"column":0},"end":{"line":390,"column":39}},"391":{"start":{"line":392,"column":0},"end":{"line":392,"column":10}},"392":{"start":{"line":393,"column":0},"end":{"line":393,"column":16}},"393":{"start":{"line":394,"column":0},"end":{"line":394,"column":36}},"394":{"start":{"line":395,"column":0},"end":{"line":395,"column":13}},"395":{"start":{"line":396,"column":0},"end":{"line":396,"column":4}},"396":{"start":{"line":397,"column":0},"end":{"line":397,"column":1}},"398":{"start":{"line":399,"column":0},"end":{"line":399,"column":31}},"399":{"start":{"line":400,"column":0},"end":{"line":400,"column":19}},"400":{"start":{"line":401,"column":0},"end":{"line":401,"column":29}},"401":{"start":{"line":402,"column":0},"end":{"line":402,"column":20}},"402":{"start":{"line":403,"column":0},"end":{"line":403,"column":14}},"403":{"start":{"line":404,"column":0},"end":{"line":404,"column":63}},"405":{"start":{"line":406,"column":0},"end":{"line":406,"column":37}},"406":{"start":{"line":407,"column":0},"end":{"line":407,"column":13}},"407":{"start":{"line":408,"column":0},"end":{"line":408,"column":12}},"408":{"start":{"line":409,"column":0},"end":{"line":409,"column":5}},"410":{"start":{"line":411,"column":0},"end":{"line":411,"column":10}},"411":{"start":{"line":412,"column":0},"end":{"line":412,"column":16}},"412":{"start":{"line":413,"column":0},"end":{"line":413,"column":41}},"413":{"start":{"line":414,"column":0},"end":{"line":414,"column":4}},"414":{"start":{"line":415,"column":0},"end":{"line":415,"column":1}},"416":{"start":{"line":417,"column":0},"end":{"line":417,"column":75}},"418":{"start":{"line":419,"column":0},"end":{"line":419,"column":77}},"420":{"start":{"line":421,"column":0},"end":{"line":421,"column":45}},"421":{"start":{"line":422,"column":0},"end":{"line":422,"column":36}},"424":{"start":{"line":425,"column":0},"end":{"line":425,"column":22}},"425":{"start":{"line":426,"column":0},"end":{"line":426,"column":61}},"426":{"start":{"line":427,"column":0},"end":{"line":427,"column":3}},"428":{"start":{"line":429,"column":0},"end":{"line":429,"column":29}},"429":{"start":{"line":430,"column":0},"end":{"line":430,"column":70}},"430":{"start":{"line":431,"column":0},"end":{"line":431,"column":3}},"433":{"start":{"line":434,"column":0},"end":{"line":434,"column":40}},"434":{"start":{"line":435,"column":0},"end":{"line":435,"column":26}},"435":{"start":{"line":436,"column":0},"end":{"line":436,"column":16}},"436":{"start":{"line":437,"column":0},"end":{"line":437,"column":15}},"437":{"start":{"line":438,"column":0},"end":{"line":438,"column":22}},"438":{"start":{"line":439,"column":0},"end":{"line":439,"column":20}},"439":{"start":{"line":440,"column":0},"end":{"line":440,"column":19}},"440":{"start":{"line":441,"column":0},"end":{"line":441,"column":20}},"441":{"start":{"line":442,"column":0},"end":{"line":442,"column":6}},"442":{"start":{"line":443,"column":0},"end":{"line":443,"column":60}},"443":{"start":{"line":444,"column":0},"end":{"line":444,"column":3}},"446":{"start":{"line":447,"column":0},"end":{"line":447,"column":53}},"447":{"start":{"line":448,"column":0},"end":{"line":448,"column":56}},"448":{"start":{"line":449,"column":0},"end":{"line":449,"column":50}},"449":{"start":{"line":450,"column":0},"end":{"line":450,"column":24}},"450":{"start":{"line":451,"column":0},"end":{"line":451,"column":14}},"451":{"start":{"line":452,"column":0},"end":{"line":452,"column":37}},"452":{"start":{"line":453,"column":0},"end":{"line":453,"column":20}},"453":{"start":{"line":454,"column":0},"end":{"line":454,"column":18}},"454":{"start":{"line":455,"column":0},"end":{"line":455,"column":29}},"455":{"start":{"line":456,"column":0},"end":{"line":456,"column":27}},"456":{"start":{"line":457,"column":0},"end":{"line":457,"column":17}},"457":{"start":{"line":458,"column":0},"end":{"line":458,"column":18}},"458":{"start":{"line":459,"column":0},"end":{"line":459,"column":4}},"461":{"start":{"line":462,"column":0},"end":{"line":462,"column":17}},"463":{"start":{"line":464,"column":0},"end":{"line":464,"column":37}},"464":{"start":{"line":465,"column":0},"end":{"line":465,"column":14}},"465":{"start":{"line":466,"column":0},"end":{"line":466,"column":19}},"466":{"start":{"line":467,"column":0},"end":{"line":467,"column":30}},"467":{"start":{"line":468,"column":0},"end":{"line":468,"column":22}},"468":{"start":{"line":469,"column":0},"end":{"line":469,"column":22}},"469":{"start":{"line":470,"column":0},"end":{"line":470,"column":63}},"470":{"start":{"line":471,"column":0},"end":{"line":471,"column":7}},"471":{"start":{"line":472,"column":0},"end":{"line":472,"column":20}},"472":{"start":{"line":473,"column":0},"end":{"line":473,"column":27}},"473":{"start":{"line":474,"column":0},"end":{"line":474,"column":75}},"474":{"start":{"line":475,"column":0},"end":{"line":475,"column":10}},"477":{"start":{"line":478,"column":0},"end":{"line":478,"column":71}},"480":{"start":{"line":481,"column":0},"end":{"line":481,"column":9}},"481":{"start":{"line":482,"column":0},"end":{"line":482,"column":23}},"482":{"start":{"line":483,"column":0},"end":{"line":483,"column":17}},"484":{"start":{"line":485,"column":0},"end":{"line":485,"column":5}},"487":{"start":{"line":488,"column":0},"end":{"line":488,"column":74}},"489":{"start":{"line":490,"column":0},"end":{"line":490,"column":12}},"490":{"start":{"line":491,"column":0},"end":{"line":491,"column":15}},"491":{"start":{"line":492,"column":0},"end":{"line":492,"column":14}},"492":{"start":{"line":493,"column":0},"end":{"line":493,"column":28}},"493":{"start":{"line":494,"column":0},"end":{"line":494,"column":43}},"494":{"start":{"line":495,"column":0},"end":{"line":495,"column":21}},"495":{"start":{"line":496,"column":0},"end":{"line":496,"column":24}},"496":{"start":{"line":497,"column":0},"end":{"line":497,"column":62}},"497":{"start":{"line":498,"column":0},"end":{"line":498,"column":63}},"498":{"start":{"line":499,"column":0},"end":{"line":499,"column":6}},"499":{"start":{"line":500,"column":0},"end":{"line":500,"column":3}},"501":{"start":{"line":502,"column":0},"end":{"line":502,"column":40}},"502":{"start":{"line":503,"column":0},"end":{"line":503,"column":42}},"503":{"start":{"line":504,"column":0},"end":{"line":504,"column":47}},"504":{"start":{"line":505,"column":0},"end":{"line":505,"column":3}},"507":{"start":{"line":508,"column":0},"end":{"line":508,"column":71}},"508":{"start":{"line":509,"column":0},"end":{"line":509,"column":23}},"509":{"start":{"line":510,"column":0},"end":{"line":510,"column":38}},"510":{"start":{"line":511,"column":0},"end":{"line":511,"column":24}},"511":{"start":{"line":512,"column":0},"end":{"line":512,"column":39}},"513":{"start":{"line":514,"column":0},"end":{"line":514,"column":26}},"514":{"start":{"line":515,"column":0},"end":{"line":515,"column":21}},"516":{"start":{"line":517,"column":0},"end":{"line":517,"column":69}},"517":{"start":{"line":518,"column":0},"end":{"line":518,"column":71}},"518":{"start":{"line":519,"column":0},"end":{"line":519,"column":44}},"519":{"start":{"line":520,"column":0},"end":{"line":520,"column":3}},"522":{"start":{"line":523,"column":0},"end":{"line":523,"column":51}},"523":{"start":{"line":524,"column":0},"end":{"line":524,"column":18}},"524":{"start":{"line":525,"column":0},"end":{"line":525,"column":55}},"525":{"start":{"line":526,"column":0},"end":{"line":526,"column":72}},"526":{"start":{"line":527,"column":0},"end":{"line":527,"column":3}},"528":{"start":{"line":529,"column":0},"end":{"line":529,"column":10}},"529":{"start":{"line":530,"column":0},"end":{"line":530,"column":17}},"530":{"start":{"line":531,"column":0},"end":{"line":531,"column":26}},"531":{"start":{"line":532,"column":0},"end":{"line":532,"column":30}},"532":{"start":{"line":533,"column":0},"end":{"line":533,"column":14}},"533":{"start":{"line":534,"column":0},"end":{"line":534,"column":13}},"534":{"start":{"line":535,"column":0},"end":{"line":535,"column":44}},"535":{"start":{"line":536,"column":0},"end":{"line":536,"column":38}},"536":{"start":{"line":537,"column":0},"end":{"line":537,"column":4}},"537":{"start":{"line":538,"column":0},"end":{"line":538,"column":1}},"539":{"start":{"line":540,"column":0},"end":{"line":540,"column":30}},"540":{"start":{"line":541,"column":0},"end":{"line":541,"column":19}},"541":{"start":{"line":542,"column":0},"end":{"line":542,"column":29}},"542":{"start":{"line":543,"column":0},"end":{"line":543,"column":20}},"543":{"start":{"line":544,"column":0},"end":{"line":544,"column":14}},"545":{"start":{"line":546,"column":0},"end":{"line":546,"column":36}},"546":{"start":{"line":547,"column":0},"end":{"line":547,"column":69}},"547":{"start":{"line":548,"column":0},"end":{"line":548,"column":42}},"548":{"start":{"line":549,"column":0},"end":{"line":549,"column":19}},"549":{"start":{"line":550,"column":0},"end":{"line":550,"column":9}},"550":{"start":{"line":551,"column":0},"end":{"line":551,"column":15}},"551":{"start":{"line":552,"column":0},"end":{"line":552,"column":38}},"552":{"start":{"line":553,"column":0},"end":{"line":553,"column":26}},"553":{"start":{"line":554,"column":0},"end":{"line":554,"column":24}},"554":{"start":{"line":555,"column":0},"end":{"line":555,"column":35}},"555":{"start":{"line":556,"column":0},"end":{"line":556,"column":33}},"556":{"start":{"line":557,"column":0},"end":{"line":557,"column":23}},"557":{"start":{"line":558,"column":0},"end":{"line":558,"column":9}},"558":{"start":{"line":559,"column":0},"end":{"line":559,"column":17}},"559":{"start":{"line":560,"column":0},"end":{"line":560,"column":11}},"560":{"start":{"line":561,"column":0},"end":{"line":561,"column":17}},"561":{"start":{"line":562,"column":0},"end":{"line":562,"column":28}},"562":{"start":{"line":563,"column":0},"end":{"line":563,"column":26}},"563":{"start":{"line":564,"column":0},"end":{"line":564,"column":37}},"564":{"start":{"line":565,"column":0},"end":{"line":565,"column":35}},"565":{"start":{"line":566,"column":0},"end":{"line":566,"column":21}},"566":{"start":{"line":567,"column":0},"end":{"line":567,"column":11}},"567":{"start":{"line":568,"column":0},"end":{"line":568,"column":11}},"568":{"start":{"line":569,"column":0},"end":{"line":569,"column":17}},"569":{"start":{"line":570,"column":0},"end":{"line":570,"column":28}},"570":{"start":{"line":571,"column":0},"end":{"line":571,"column":26}},"571":{"start":{"line":572,"column":0},"end":{"line":572,"column":37}},"572":{"start":{"line":573,"column":0},"end":{"line":573,"column":35}},"573":{"start":{"line":574,"column":0},"end":{"line":574,"column":12}},"574":{"start":{"line":575,"column":0},"end":{"line":575,"column":4}},"575":{"start":{"line":576,"column":0},"end":{"line":576,"column":10}},"576":{"start":{"line":577,"column":0},"end":{"line":577,"column":13}},"577":{"start":{"line":578,"column":0},"end":{"line":578,"column":24}},"578":{"start":{"line":579,"column":0},"end":{"line":579,"column":19}},"579":{"start":{"line":580,"column":0},"end":{"line":580,"column":41}},"580":{"start":{"line":581,"column":0},"end":{"line":581,"column":4}},"581":{"start":{"line":582,"column":0},"end":{"line":582,"column":1}},"583":{"start":{"line":584,"column":0},"end":{"line":584,"column":24}},"584":{"start":{"line":585,"column":0},"end":{"line":585,"column":27}},"585":{"start":{"line":586,"column":0},"end":{"line":586,"column":50}},"586":{"start":{"line":587,"column":0},"end":{"line":587,"column":20}},"587":{"start":{"line":588,"column":0},"end":{"line":588,"column":19}},"588":{"start":{"line":589,"column":0},"end":{"line":589,"column":44}},"589":{"start":{"line":590,"column":0},"end":{"line":590,"column":33}},"590":{"start":{"line":591,"column":0},"end":{"line":591,"column":50}},"591":{"start":{"line":592,"column":0},"end":{"line":592,"column":20}},"592":{"start":{"line":593,"column":0},"end":{"line":593,"column":42}},"593":{"start":{"line":594,"column":0},"end":{"line":594,"column":62}},"594":{"start":{"line":595,"column":0},"end":{"line":595,"column":22}},"595":{"start":{"line":596,"column":0},"end":{"line":596,"column":45}},"596":{"start":{"line":597,"column":0},"end":{"line":597,"column":31}},"597":{"start":{"line":598,"column":0},"end":{"line":598,"column":42}},"598":{"start":{"line":599,"column":0},"end":{"line":599,"column":62}},"599":{"start":{"line":600,"column":0},"end":{"line":600,"column":39}},"600":{"start":{"line":601,"column":0},"end":{"line":601,"column":33}},"603":{"start":{"line":604,"column":0},"end":{"line":604,"column":27}},"604":{"start":{"line":605,"column":0},"end":{"line":605,"column":18}},"605":{"start":{"line":606,"column":0},"end":{"line":606,"column":26}},"609":{"start":{"line":610,"column":0},"end":{"line":610,"column":63}},"610":{"start":{"line":611,"column":0},"end":{"line":611,"column":10}},"611":{"start":{"line":612,"column":0},"end":{"line":612,"column":13}},"612":{"start":{"line":613,"column":0},"end":{"line":613,"column":46}},"613":{"start":{"line":614,"column":0},"end":{"line":614,"column":4}},"614":{"start":{"line":615,"column":0},"end":{"line":615,"column":1}},"617":{"start":{"line":618,"column":0},"end":{"line":618,"column":59}},"618":{"start":{"line":619,"column":0},"end":{"line":619,"column":70}},"619":{"start":{"line":620,"column":0},"end":{"line":620,"column":34}},"620":{"start":{"line":621,"column":0},"end":{"line":621,"column":13}},"621":{"start":{"line":622,"column":0},"end":{"line":622,"column":30}},"622":{"start":{"line":623,"column":0},"end":{"line":623,"column":5}},"623":{"start":{"line":624,"column":0},"end":{"line":624,"column":1}},"626":{"start":{"line":627,"column":0},"end":{"line":627,"column":61}},"628":{"start":{"line":629,"column":0},"end":{"line":629,"column":77}},"629":{"start":{"line":630,"column":0},"end":{"line":630,"column":35}},"631":{"start":{"line":632,"column":0},"end":{"line":632,"column":52}},"634":{"start":{"line":635,"column":0},"end":{"line":635,"column":29}},"635":{"start":{"line":636,"column":0},"end":{"line":636,"column":70}},"636":{"start":{"line":637,"column":0},"end":{"line":637,"column":3}},"638":{"start":{"line":639,"column":0},"end":{"line":639,"column":38}},"639":{"start":{"line":640,"column":0},"end":{"line":640,"column":60}},"640":{"start":{"line":641,"column":0},"end":{"line":641,"column":3}},"643":{"start":{"line":644,"column":0},"end":{"line":644,"column":30}},"644":{"start":{"line":645,"column":0},"end":{"line":645,"column":13}},"645":{"start":{"line":646,"column":0},"end":{"line":646,"column":36}},"646":{"start":{"line":647,"column":0},"end":{"line":647,"column":5}},"647":{"start":{"line":648,"column":0},"end":{"line":648,"column":1}}},"s":{"3":0,"20":0,"22":0,"23":0,"24":0,"25":0,"26":0,"29":0,"30":0,"31":0,"32":0,"33":0,"34":0,"35":0,"37":0,"38":0,"39":0,"40":0,"41":0,"42":0,"43":0,"44":0,"47":0,"48":0,"49":0,"50":0,"51":0,"54":0,"56":0,"57":0,"58":0,"59":0,"60":0,"62":0,"64":0,"65":0,"68":0,"69":0,"70":0,"73":0,"75":0,"76":0,"77":0,"79":0,"80":0,"81":0,"83":0,"84":0,"87":0,"90":0,"93":0,"95":0,"96":0,"97":0,"98":0,"99":0,"100":0,"101":0,"102":0,"103":0,"104":0,"105":0,"106":0,"107":0,"108":0,"109":0,"110":0,"111":0,"112":0,"113":0,"114":0,"115":0,"116":0,"117":0,"118":0,"119":0,"120":0,"121":0,"122":0,"124":0,"125":0,"127":0,"128":0,"129":0,"130":0,"131":0,"132":0,"133":0,"134":0,"135":0,"137":0,"138":0,"139":0,"140":0,"141":0,"142":0,"143":0,"144":0,"145":0,"146":0,"147":0,"148":0,"149":0,"150":0,"153":0,"154":0,"155":0,"158":0,"159":0,"160":0,"162":0,"164":0,"165":0,"166":0,"167":0,"168":0,"169":0,"170":0,"172":0,"173":0,"174":0,"175":0,"176":0,"177":0,"178":0,"179":0,"180":0,"181":0,"183":0,"185":0,"186":0,"187":0,"188":0,"189":0,"190":0,"191":0,"194":0,"195":0,"196":0,"197":0,"198":0,"199":0,"200":0,"201":0,"202":0,"203":0,"204":0,"205":0,"206":0,"207":0,"209":0,"210":0,"211":0,"212":0,"213":0,"214":0,"215":0,"216":0,"217":0,"218":0,"219":0,"220":0,"221":0,"222":0,"223":0,"224":0,"225":0,"226":0,"227":0,"228":0,"230":0,"231":0,"232":0,"233":0,"234":0,"235":0,"236":0,"237":0,"238":0,"240":0,"242":0,"243":0,"245":0,"246":0,"247":0,"248":0,"249":0,"250":0,"251":0,"252":0,"254":0,"255":0,"256":0,"257":0,"258":0,"259":0,"260":0,"261":0,"262":0,"265":0,"266":0,"267":0,"268":0,"269":0,"270":0,"271":0,"272":0,"273":0,"276":0,"277":0,"278":0,"279":0,"280":0,"281":0,"282":0,"283":0,"284":0,"285":0,"286":0,"287":0,"290":0,"293":0,"294":0,"295":0,"297":0,"300":0,"302":0,"303":0,"304":0,"305":0,"306":0,"307":0,"308":0,"309":0,"310":0,"311":0,"312":0,"313":0,"315":0,"316":0,"317":0,"318":0,"319":0,"320":0,"321":0,"323":0,"324":0,"325":0,"326":0,"327":0,"328":0,"329":0,"330":0,"331":0,"332":0,"333":0,"335":0,"336":0,"337":0,"338":0,"339":0,"340":0,"341":0,"342":0,"343":0,"344":0,"345":0,"346":0,"347":0,"348":0,"349":0,"350":0,"351":0,"352":0,"353":0,"354":0,"355":0,"356":0,"357":0,"359":0,"360":0,"363":0,"365":0,"366":0,"368":0,"369":0,"370":0,"371":0,"372":0,"374":0,"375":0,"377":0,"378":0,"379":0,"380":0,"381":0,"382":0,"384":0,"385":0,"386":0,"387":0,"389":0,"391":0,"392":0,"393":0,"394":0,"395":0,"396":0,"398":0,"399":0,"400":0,"401":0,"402":0,"403":0,"405":0,"406":0,"407":0,"408":0,"410":0,"411":0,"412":0,"413":0,"414":0,"416":0,"418":0,"420":0,"421":0,"424":0,"425":0,"426":0,"428":0,"429":0,"430":0,"433":0,"434":0,"435":0,"436":0,"437":0,"438":0,"439":0,"440":0,"441":0,"442":0,"443":0,"446":0,"447":0,"448":0,"449":0,"450":0,"451":0,"452":0,"453":0,"454":0,"455":0,"456":0,"457":0,"458":0,"461":0,"463":0,"464":0,"465":0,"466":0,"467":0,"468":0,"469":0,"470":0,"471":0,"472":0,"473":0,"474":0,"477":0,"480":0,"481":0,"482":0,"484":0,"487":0,"489":0,"490":0,"491":0,"492":0,"493":0,"494":0,"495":0,"496":0,"497":0,"498":0,"499":0,"501":0,"502":0,"503":0,"504":0,"507":0,"508":0,"509":0,"510":0,"511":0,"513":0,"514":0,"516":0,"517":0,"518":0,"519":0,"522":0,"523":0,"524":0,"525":0,"526":0,"528":0,"529":0,"530":0,"531":0,"532":0,"533":0,"534":0,"535":0,"536":0,"537":0,"539":0,"540":0,"541":0,"542":0,"543":0,"545":0,"546":0,"547":0,"548":0,"549":0,"550":0,"551":0,"552":0,"553":0,"554":0,"555":0,"556":0,"557":0,"558":0,"559":0,"560":0,"561":0,"562":0,"563":0,"564":0,"565":0,"566":0,"567":0,"568":0,"569":0,"570":0,"571":0,"572":0,"573":0,"574":0,"575":0,"576":0,"577":0,"578":0,"579":0,"580":0,"581":0,"583":0,"584":0,"585":0,"586":0,"587":0,"588":0,"589":0,"590":0,"591":0,"592":0,"593":0,"594":0,"595":0,"596":0,"597":0,"598":0,"599":0,"600":0,"603":0,"604":0,"605":0,"609":0,"610":0,"611":0,"612":0,"613":0,"614":0,"617":0,"618":0,"619":0,"620":0,"621":0,"622":0,"623":0,"626":0,"628":0,"629":0,"631":0,"634":0,"635":0,"636":0,"638":0,"639":0,"640":0,"643":0,"644":0,"645":0,"646":0,"647":0},"branchMap":{"0":{"type":"branch","line":1,"loc":{"start":{"line":1,"column":17962},"end":{"line":648,"column":1}},"locations":[{"start":{"line":1,"column":17962},"end":{"line":648,"column":1}}]}},"b":{"0":[1]},"fnMap":{"0":{"name":"(empty-report)","decl":{"start":{"line":1,"column":17962},"end":{"line":648,"column":1}},"loc":{"start":{"line":1,"column":17962},"end":{"line":648,"column":1}},"line":1}},"f":{"0":1}}}}