<?xml version="1.0" encoding="UTF-8"?>
<coverage generated="1751500211805" clover="3.2.0">
  <project timestamp="1751500211805" name="All files">
    <metrics statements="99" coveredstatements="76" conditionals="78" coveredconditionals="57" methods="32" coveredmethods="27" elements="209" coveredelements="160" complexity="0" loc="99" ncloc="99" packages="1" files="2" classes="2"/>
    <file name="deck.ts" path="/workspaces/flip-7/src/lib/deck.ts">
      <metrics statements="18" coveredstatements="18" conditionals="7" coveredconditionals="6" methods="8" coveredmethods="8"/>
      <line num="5" count="2" type="stmt"/>
      <line num="8" count="4" type="stmt"/>
      <line num="9" count="52" type="stmt"/>
      <line num="11" count="364" type="stmt"/>
      <line num="15" count="4" type="stmt"/>
      <line num="16" count="28" type="stmt"/>
      <line num="22" count="12" type="stmt"/>
      <line num="27" count="4" type="stmt"/>
      <line num="30" count="2" type="stmt"/>
      <line num="37" count="1" type="stmt"/>
      <line num="39" count="107" type="cond" truecount="2" falsecount="0"/>
      <line num="40" count="106" type="stmt"/>
      <line num="41" count="106" type="stmt"/>
      <line num="42" count="106" type="stmt"/>
      <line num="43" count="106" type="stmt"/>
      <line num="49" count="2" type="stmt"/>
      <line num="54" count="2" type="cond" truecount="2" falsecount="0"/>
      <line num="55" count="1" type="stmt"/>
    </file>
    <file name="gameLogic.ts" path="/workspaces/flip-7/src/lib/gameLogic.ts">
      <metrics statements="81" coveredstatements="58" conditionals="71" coveredconditionals="51" methods="24" coveredmethods="19"/>
      <line num="32" count="3" type="stmt"/>
      <line num="40" count="1" type="stmt"/>
      <line num="41" count="1" type="stmt"/>
      <line num="52" count="7" type="stmt"/>
      <line num="57" count="2" type="stmt"/>
      <line num="62" count="0" type="stmt"/>
      <line num="67" count="2" type="stmt"/>
      <line num="70" count="1" type="stmt"/>
      <line num="71" count="7" type="cond" truecount="4" falsecount="1"/>
      <line num="72" count="7" type="cond" truecount="2" falsecount="0"/>
      <line num="73" count="7" type="cond" truecount="4" falsecount="0"/>
      <line num="74" count="7" type="stmt"/>
      <line num="75" count="7" type="cond" truecount="1" falsecount="1"/>
      <line num="76" count="0" type="stmt"/>
      <line num="79" count="28" type="stmt"/>
      <line num="85" count="7" type="stmt"/>
      <line num="86" count="7" type="cond" truecount="2" falsecount="0"/>
      <line num="87" count="4" type="cond" truecount="2" falsecount="0"/>
      <line num="89" count="2" type="stmt"/>
      <line num="90" count="2" type="stmt"/>
      <line num="91" count="2" type="stmt"/>
      <line num="92" count="8" type="cond" truecount="2" falsecount="0"/>
      <line num="94" count="2" type="cond" truecount="4" falsecount="0"/>
      <line num="95" count="1" type="stmt"/>
      <line num="101" count="1" type="stmt"/>
      <line num="106" count="1" type="stmt"/>
      <line num="114" count="2" type="stmt"/>
      <line num="115" count="3" type="cond" truecount="1" falsecount="1"/>
      <line num="116" count="0" type="stmt"/>
      <line num="117" count="3" type="cond" truecount="1" falsecount="1"/>
      <line num="118" count="3" type="stmt"/>
      <line num="120" count="8" type="cond" truecount="2" falsecount="0"/>
      <line num="121" count="2" type="cond" truecount="4" falsecount="0"/>
      <line num="122" count="1" type="cond" truecount="1" falsecount="1"/>
      <line num="123" count="1" type="stmt"/>
      <line num="130" count="1" type="stmt"/>
      <line num="140" count="0" type="stmt"/>
      <line num="141" count="0" type="stmt"/>
      <line num="142" count="0" type="stmt"/>
      <line num="143" count="0" type="stmt"/>
      <line num="144" count="0" type="cond" truecount="0" falsecount="4"/>
      <line num="145" count="0" type="stmt"/>
      <line num="146" count="0" type="stmt"/>
      <line num="153" count="0" type="stmt"/>
      <line num="154" count="0" type="stmt"/>
      <line num="156" count="0" type="stmt"/>
      <line num="157" count="0" type="cond" truecount="0" falsecount="2"/>
      <line num="160" count="0" type="stmt"/>
      <line num="169" count="1" type="stmt"/>
      <line num="177" count="1" type="stmt"/>
      <line num="183" count="3" type="cond" truecount="4" falsecount="0"/>
      <line num="185" count="2" type="stmt"/>
      <line num="193" count="2" type="stmt"/>
      <line num="195" count="1" type="cond" truecount="1" falsecount="1"/>
      <line num="196" count="1" type="stmt"/>
      <line num="197" count="4" type="cond" truecount="2" falsecount="0"/>
      <line num="199" count="1" type="stmt"/>
      <line num="206" count="0" type="stmt"/>
      <line num="209" count="1" type="stmt"/>
      <line num="210" count="1" type="cond" truecount="3" falsecount="1"/>
      <line num="211" count="1" type="stmt"/>
      <line num="212" count="4" type="stmt"/>
      <line num="213" count="1" type="cond" truecount="1" falsecount="1"/>
      <line num="215" count="0" type="stmt"/>
      <line num="217" count="0" type="cond" truecount="0" falsecount="2"/>
      <line num="220" count="0" type="stmt"/>
      <line num="228" count="0" type="cond" truecount="0" falsecount="2"/>
      <line num="229" count="0" type="stmt"/>
      <line num="234" count="0" type="stmt"/>
      <line num="238" count="1" type="cond" truecount="1" falsecount="1"/>
      <line num="240" count="1" type="stmt"/>
      <line num="248" count="1" type="stmt"/>
      <line num="250" count="0" type="stmt"/>
      <line num="253" count="1" type="stmt"/>
      <line num="254" count="4" type="stmt"/>
      <line num="255" count="1" type="stmt"/>
      <line num="257" count="2" type="stmt"/>
      <line num="259" count="1" type="cond" truecount="1" falsecount="1"/>
      <line num="262" count="1" type="stmt"/>
      <line num="270" count="4" type="cond" truecount="2" falsecount="0"/>
      <line num="271" count="1" type="stmt"/>
    </file>
  </project>
</coverage>
