<?xml version="1.0" encoding="UTF-8"?>
<coverage generated="1751526724114" clover="3.2.0">
  <project timestamp="1751526724114" name="All files">
    <metrics statements="164" coveredstatements="151" conditionals="117" coveredconditionals="92" methods="49" coveredmethods="47" elements="330" coveredelements="290" complexity="0" loc="164" ncloc="164" packages="1" files="3" classes="3"/>
    <file name="deck.ts" path="/workspaces/flip-7/src/lib/deck.ts">
      <metrics statements="18" coveredstatements="18" conditionals="7" coveredconditionals="6" methods="8" coveredmethods="8"/>
      <line num="5" count="2" type="stmt"/>
      <line num="8" count="5" type="stmt"/>
      <line num="9" count="65" type="stmt"/>
      <line num="11" count="455" type="stmt"/>
      <line num="15" count="5" type="stmt"/>
      <line num="16" count="35" type="stmt"/>
      <line num="22" count="15" type="stmt"/>
      <line num="27" count="5" type="stmt"/>
      <line num="30" count="2" type="stmt"/>
      <line num="37" count="2" type="stmt"/>
      <line num="39" count="214" type="cond" truecount="2" falsecount="0"/>
      <line num="40" count="212" type="stmt"/>
      <line num="41" count="212" type="stmt"/>
      <line num="42" count="212" type="stmt"/>
      <line num="43" count="212" type="stmt"/>
      <line num="49" count="2" type="stmt"/>
      <line num="54" count="2" type="cond" truecount="2" falsecount="0"/>
      <line num="55" count="1" type="stmt"/>
    </file>
    <file name="gameLogic.helpers.ts" path="/workspaces/flip-7/src/lib/gameLogic.helpers.ts">
      <metrics statements="12" coveredstatements="12" conditionals="4" coveredconditionals="3" methods="8" coveredmethods="8"/>
      <line num="4" count="1" type="stmt"/>
      <line num="6" count="4" type="cond" truecount="2" falsecount="0"/>
      <line num="9" count="1" type="stmt"/>
      <line num="10" count="1" type="stmt"/>
      <line num="11" count="2" type="stmt"/>
      <line num="13" count="2" type="cond" truecount="1" falsecount="1"/>
      <line num="19" count="1" type="stmt"/>
      <line num="20" count="1" type="stmt"/>
      <line num="23" count="1" type="stmt"/>
      <line num="24" count="1" type="stmt"/>
      <line num="27" count="1" type="stmt"/>
      <line num="28" count="1" type="stmt"/>
    </file>
    <file name="gameLogic.ts" path="/workspaces/flip-7/src/lib/gameLogic.ts">
      <metrics statements="134" coveredstatements="121" conditionals="106" coveredconditionals="83" methods="33" coveredmethods="31"/>
      <line num="38" count="7" type="stmt"/>
      <line num="46" count="6" type="stmt"/>
      <line num="47" count="6" type="stmt"/>
      <line num="58" count="22" type="stmt"/>
      <line num="63" count="6" type="stmt"/>
      <line num="68" count="0" type="stmt"/>
      <line num="73" count="1" type="stmt"/>
      <line num="79" count="11" type="cond" truecount="3" falsecount="1"/>
      <line num="80" count="11" type="cond" truecount="2" falsecount="0"/>
      <line num="81" count="8" type="cond" truecount="2" falsecount="2"/>
      <line num="82" count="8" type="stmt"/>
      <line num="85" count="1" type="stmt"/>
      <line num="87" count="22" type="cond" truecount="2" falsecount="2"/>
      <line num="88" count="22" type="cond" truecount="1" falsecount="1"/>
      <line num="89" count="22" type="cond" truecount="2" falsecount="0"/>
      <line num="90" count="22" type="stmt"/>
      <line num="91" count="22" type="stmt"/>
      <line num="92" count="22" type="cond" truecount="1" falsecount="1"/>
      <line num="93" count="0" type="stmt"/>
      <line num="96" count="88" type="stmt"/>
      <line num="97" count="22" type="stmt"/>
      <line num="99" count="22" type="cond" truecount="2" falsecount="0"/>
      <line num="101" count="15" type="cond" truecount="2" falsecount="0"/>
      <line num="102" count="6" type="cond" truecount="2" falsecount="0"/>
      <line num="104" count="5" type="stmt"/>
      <line num="109" count="5" type="stmt"/>
      <line num="110" count="20" type="cond" truecount="2" falsecount="0"/>
      <line num="114" count="5" type="cond" truecount="1" falsecount="1"/>
      <line num="117" count="5" type="stmt"/>
      <line num="126" count="1" type="stmt"/>
      <line num="127" count="1" type="stmt"/>
      <line num="128" count="1" type="stmt"/>
      <line num="129" count="4" type="cond" truecount="2" falsecount="0"/>
      <line num="131" count="1" type="stmt"/>
      <line num="141" count="7" type="cond" truecount="2" falsecount="0"/>
      <line num="142" count="7" type="stmt"/>
      <line num="144" count="16" type="stmt"/>
      <line num="145" count="7" type="cond" truecount="4" falsecount="0"/>
      <line num="148" count="7" type="stmt"/>
      <line num="150" count="1" type="stmt"/>
      <line num="151" count="4" type="cond" truecount="2" falsecount="0"/>
      <line num="152" count="1" type="stmt"/>
      <line num="159" count="3" type="cond" truecount="1" falsecount="1"/>
      <line num="160" count="3" type="stmt"/>
      <line num="163" count="0" type="stmt"/>
      <line num="166" count="1" type="stmt"/>
      <line num="174" count="6" type="stmt"/>
      <line num="175" count="6" type="stmt"/>
      <line num="176" count="24" type="cond" truecount="2" falsecount="0"/>
      <line num="177" count="6" type="cond" truecount="2" falsecount="0"/>
      <line num="178" count="6" type="stmt"/>
      <line num="184" count="9" type="cond" truecount="1" falsecount="1"/>
      <line num="185" count="0" type="cond" truecount="0" falsecount="2"/>
      <line num="186" count="0" type="stmt"/>
      <line num="187" count="0" type="stmt"/>
      <line num="188" count="0" type="cond" truecount="0" falsecount="2"/>
      <line num="190" count="0" type="cond" truecount="0" falsecount="2"/>
      <line num="193" count="0" type="stmt"/>
      <line num="199" count="9" type="cond" truecount="2" falsecount="0"/>
      <line num="200" count="8" type="cond" truecount="1" falsecount="1"/>
      <line num="201" count="8" type="stmt"/>
      <line num="202" count="32" type="cond" truecount="2" falsecount="0"/>
      <line num="203" count="8" type="stmt"/>
      <line num="205" count="1" type="stmt"/>
      <line num="208" count="1" type="stmt"/>
      <line num="214" count="9" type="cond" truecount="2" falsecount="0"/>
      <line num="216" count="6" type="stmt"/>
      <line num="224" count="6" type="stmt"/>
      <line num="226" count="3" type="cond" truecount="2" falsecount="0"/>
      <line num="228" count="1" type="stmt"/>
      <line num="236" count="1" type="stmt"/>
      <line num="238" count="2" type="cond" truecount="2" falsecount="0"/>
      <line num="239" count="1" type="stmt"/>
      <line num="240" count="4" type="cond" truecount="2" falsecount="0"/>
      <line num="242" count="1" type="stmt"/>
      <line num="249" count="1" type="stmt"/>
      <line num="252" count="1" type="stmt"/>
      <line num="253" count="6" type="cond" truecount="3" falsecount="1"/>
      <line num="254" count="6" type="stmt"/>
      <line num="255" count="20" type="stmt"/>
      <line num="256" count="6" type="cond" truecount="2" falsecount="0"/>
      <line num="258" count="4" type="stmt"/>
      <line num="262" count="4" type="stmt"/>
      <line num="266" count="2" type="cond" truecount="1" falsecount="1"/>
      <line num="268" count="2" type="stmt"/>
      <line num="269" count="2" type="stmt"/>
      <line num="274" count="2" type="stmt"/>
      <line num="279" count="0" type="stmt"/>
      <line num="282" count="1" type="stmt"/>
      <line num="284" count="9" type="cond" truecount="4" falsecount="0"/>
      <line num="285" count="16" type="stmt"/>
      <line num="286" count="4" type="stmt"/>
      <line num="288" count="4" type="cond" truecount="2" falsecount="0"/>
      <line num="289" count="1" type="stmt"/>
      <line num="290" count="4" type="cond" truecount="2" falsecount="0"/>
      <line num="291" count="1" type="stmt"/>
      <line num="297" count="3" type="cond" truecount="1" falsecount="1"/>
      <line num="298" count="0" type="stmt"/>
      <line num="303" count="3" type="cond" truecount="1" falsecount="1"/>
      <line num="304" count="0" type="stmt"/>
      <line num="310" count="10" type="stmt"/>
      <line num="312" count="1" type="cond" truecount="1" falsecount="1"/>
      <line num="315" count="3" type="stmt"/>
      <line num="323" count="12" type="cond" truecount="2" falsecount="0"/>
      <line num="325" count="10" type="stmt"/>
      <line num="326" count="3" type="cond" truecount="4" falsecount="0"/>
      <line num="328" count="7" type="stmt"/>
      <line num="329" count="1" type="stmt"/>
      <line num="330" count="4" type="cond" truecount="2" falsecount="0"/>
      <line num="331" count="1" type="stmt"/>
      <line num="332" count="3" type="cond" truecount="2" falsecount="0"/>
      <line num="333" count="2" type="stmt"/>
      <line num="336" count="1" type="stmt"/>
      <line num="339" count="1" type="stmt"/>
      <line num="346" count="2" type="cond" truecount="1" falsecount="1"/>
      <line num="348" count="2" type="stmt"/>
      <line num="349" count="2" type="stmt"/>
      <line num="356" count="0" type="stmt"/>
      <line num="363" count="1" type="cond" truecount="2" falsecount="0"/>
      <line num="364" count="1" type="stmt"/>
      <line num="365" count="1" type="stmt"/>
      <line num="366" count="1" type="stmt"/>
      <line num="367" count="1" type="stmt"/>
      <line num="368" count="1" type="stmt"/>
      <line num="369" count="1" type="stmt"/>
      <line num="370" count="1" type="stmt"/>
      <line num="371" count="1" type="stmt"/>
      <line num="372" count="1" type="stmt"/>
      <line num="373" count="1" type="stmt"/>
      <line num="374" count="1" type="stmt"/>
      <line num="375" count="1" type="stmt"/>
      <line num="376" count="1" type="stmt"/>
      <line num="379" count="1" type="cond" truecount="2" falsecount="0"/>
      <line num="380" count="1" type="stmt"/>
    </file>
  </project>
</coverage>
