{"/workspaces/flip-7/src/lib/deck.ts": {"path":"/workspaces/flip-7/src/lib/deck.ts","statementMap":{"0":{"start":{"line":5,"column":0},"end":{"line":5,"column":16}},"1":{"start":{"line":30,"column":0},"end":{"line":30,"column":16}},"2":{"start":{"line":49,"column":0},"end":{"line":49,"column":16}},"3":{"start":{"line":8,"column":43},"end":{"line":13,"column":10}},"4":{"start":{"line":9,"column":4},"end":{"line":11,"column":null}},"5":{"start":{"line":11,"column":13},"end":{"line":11,"column":63}},"6":{"start":{"line":15,"column":48},"end":{"line":15,"column":73}},"7":{"start":{"line":16,"column":45},"end":{"line":20,"column":5}},"8":{"start":{"line":16,"column":69},"end":{"line":20,"column":4}},"9":{"start":{"line":22,"column":43},"end":{"line":26,"column":4}},"10":{"start":{"line":22,"column":83},"end":{"line":26,"column":4}},"11":{"start":{"line":27,"column":2},"end":{"line":27,"column":60}},"12":{"start":{"line":37,"column":2},"end":{"line":46,"column":8}},"13":{"start":{"line":39,"column":6},"end":{"line":39,"column":65}},"14":{"start":{"line":39,"column":21},"end":{"line":39,"column":65}},"15":{"start":{"line":40,"column":16},"end":{"line":40,"column":47}},"16":{"start":{"line":41,"column":18},"end":{"line":41,"column":30}},"17":{"start":{"line":42,"column":6},"end":{"line":42,"column":50}},"18":{"start":{"line":43,"column":6},"end":{"line":43,"column":35}},"19":{"start":{"line":54,"column":2},"end":{"line":54,"column":50}},"20":{"start":{"line":54,"column":25},"end":{"line":54,"column":50}},"21":{"start":{"line":55,"column":2},"end":{"line":55,"column":34}}},"fnMap":{"0":{"name":"generateDeck","decl":{"start":{"line":5,"column":16},"end":{"line":5,"column":28}},"loc":{"start":{"line":5,"column":39},"end":{"line":28,"column":1}}},"1":{"name":"(anonymous_1)","decl":{"start":{"line":8,"column":70},"end":{"line":8,"column":71}},"loc":{"start":{"line":9,"column":4},"end":{"line":11,"column":null}}},"2":{"name":"(anonymous_2)","decl":{"start":{"line":11,"column":6},"end":{"line":11,"column":9}},"loc":{"start":{"line":11,"column":13},"end":{"line":11,"column":63}}},"3":{"name":"(anonymous_3)","decl":{"start":{"line":16,"column":59},"end":{"line":16,"column":60}},"loc":{"start":{"line":16,"column":69},"end":{"line":20,"column":4}}},"4":{"name":"(anonymous_4)","decl":{"start":{"line":22,"column":77},"end":{"line":22,"column":80}},"loc":{"start":{"line":22,"column":83},"end":{"line":26,"column":4}}},"5":{"name":"shuffleDeck","decl":{"start":{"line":30,"column":16},"end":{"line":30,"column":27}},"loc":{"start":{"line":33,"column":12},"end":{"line":47,"column":1}}},"6":{"name":"(anonymous_6)","decl":{"start":{"line":38,"column":4},"end":{"line":38,"column":5}},"loc":{"start":{"line":38,"column":26},"end":{"line":44,"column":5}}},"7":{"name":"dealCard","decl":{"start":{"line":49,"column":16},"end":{"line":49,"column":24}},"loc":{"start":{"line":51,"column":12},"end":{"line":56,"column":1}}}},"branchMap":{"0":{"loc":{"start":{"line":19,"column":11},"end":{"line":19,"column":47}},"type":"cond-expr","locations":[{"start":{"line":19,"column":26},"end":{"line":19,"column":35}},{"start":{"line":19,"column":38},"end":{"line":19,"column":47}}]},"1":{"loc":{"start":{"line":32,"column":2},"end":{"line":32,"column":33}},"type":"default-arg","locations":[{"start":{"line":32,"column":22},"end":{"line":32,"column":33}}]},"2":{"loc":{"start":{"line":39,"column":6},"end":{"line":39,"column":65}},"type":"if","locations":[{"start":{"line":39,"column":6},"end":{"line":39,"column":65}},{"start":{},"end":{}}]},"3":{"loc":{"start":{"line":54,"column":2},"end":{"line":54,"column":50}},"type":"if","locations":[{"start":{"line":54,"column":2},"end":{"line":54,"column":50}},{"start":{},"end":{}}]}},"s":{"0":2,"1":2,"2":2,"3":5,"4":65,"5":455,"6":5,"7":5,"8":35,"9":5,"10":15,"11":5,"12":2,"13":214,"14":2,"15":212,"16":212,"17":212,"18":212,"19":2,"20":1,"21":1},"f":{"0":5,"1":65,"2":455,"3":35,"4":15,"5":2,"6":214,"7":2},"b":{"0":[5,30],"1":[0],"2":[2,212],"3":[1,1]}}
,"/workspaces/flip-7/src/lib/gameLogic.helpers.ts": {"path":"/workspaces/flip-7/src/lib/gameLogic.helpers.ts","statementMap":{"0":{"start":{"line":4,"column":0},"end":{"line":4,"column":16}},"1":{"start":{"line":9,"column":0},"end":{"line":9,"column":16}},"2":{"start":{"line":19,"column":0},"end":{"line":19,"column":16}},"3":{"start":{"line":23,"column":0},"end":{"line":23,"column":16}},"4":{"start":{"line":27,"column":0},"end":{"line":27,"column":16}},"5":{"start":{"line":6,"column":2},"end":{"line":6,"column":52}},"6":{"start":{"line":6,"column":30},"end":{"line":6,"column":50}},"7":{"start":{"line":10,"column":2},"end":{"line":16,"column":4}},"8":{"start":{"line":11,"column":42},"end":{"line":11,"column":63}},"9":{"start":{"line":13,"column":21},"end":{"line":13,"column":74}},"10":{"start":{"line":20,"column":2},"end":{"line":20,"column":81}},"11":{"start":{"line":24,"column":2},"end":{"line":24,"column":67}},"12":{"start":{"line":28,"column":2},"end":{"line":28,"column":63}}},"fnMap":{"0":{"name":"isGameOver","decl":{"start":{"line":4,"column":16},"end":{"line":4,"column":26}},"loc":{"start":{"line":4,"column":53},"end":{"line":7,"column":1}}},"1":{"name":"(anonymous_1)","decl":{"start":{"line":6,"column":23},"end":{"line":6,"column":24}},"loc":{"start":{"line":6,"column":30},"end":{"line":6,"column":50}}},"2":{"name":"getRoundScore","decl":{"start":{"line":9,"column":16},"end":{"line":9,"column":29}},"loc":{"start":{"line":9,"column":44},"end":{"line":17,"column":1}}},"3":{"name":"(anonymous_3)","decl":{"start":{"line":11,"column":30},"end":{"line":11,"column":31}},"loc":{"start":{"line":11,"column":42},"end":{"line":11,"column":63}}},"4":{"name":"(anonymous_4)","decl":{"start":{"line":13,"column":6},"end":{"line":13,"column":7}},"loc":{"start":{"line":13,"column":21},"end":{"line":13,"column":74}}},"5":{"name":"bustPlayer","decl":{"start":{"line":19,"column":16},"end":{"line":19,"column":26}},"loc":{"start":{"line":19,"column":57},"end":{"line":21,"column":1}}},"6":{"name":"addCardToHand","decl":{"start":{"line":23,"column":16},"end":{"line":23,"column":29}},"loc":{"start":{"line":23,"column":60},"end":{"line":25,"column":1}}},"7":{"name":"addModifier","decl":{"start":{"line":27,"column":16},"end":{"line":27,"column":27}},"loc":{"start":{"line":27,"column":58},"end":{"line":29,"column":1}}}},"branchMap":{"0":{"loc":{"start":{"line":6,"column":30},"end":{"line":6,"column":50}},"type":"binary-expr","locations":[{"start":{"line":6,"column":30},"end":{"line":6,"column":38}},{"start":{"line":6,"column":42},"end":{"line":6,"column":50}}]},"1":{"loc":{"start":{"line":13,"column":21},"end":{"line":13,"column":74}},"type":"cond-expr","locations":[{"start":{"line":13,"column":53},"end":{"line":13,"column":68}},{"start":{"line":13,"column":71},"end":{"line":13,"column":74}}]}},"s":{"0":1,"1":1,"2":1,"3":1,"4":1,"5":2,"6":4,"7":1,"8":2,"9":2,"10":1,"11":1,"12":1},"f":{"0":2,"1":4,"2":1,"3":2,"4":2,"5":1,"6":1,"7":1},"b":{"0":[4,2],"1":[2,0]}}
,"/workspaces/flip-7/src/lib/gameLogic.ts": {"path":"/workspaces/flip-7/src/lib/gameLogic.ts","statementMap":{"0":{"start":{"line":85,"column":0},"end":{"line":85,"column":16}},"1":{"start":{"line":208,"column":0},"end":{"line":208,"column":16}},"2":{"start":{"line":252,"column":0},"end":{"line":252,"column":16}},"3":{"start":{"line":282,"column":0},"end":{"line":282,"column":16}},"4":{"start":{"line":38,"column":2},"end":{"line":42,"column":4}},"5":{"start":{"line":46,"column":22},"end":{"line":46,"column":39}},"6":{"start":{"line":47,"column":2},"end":{"line":51,"column":4}},"7":{"start":{"line":58,"column":2},"end":{"line":58,"column":34}},"8":{"start":{"line":63,"column":2},"end":{"line":63,"column":67}},"9":{"start":{"line":68,"column":2},"end":{"line":68,"column":63}},"10":{"start":{"line":73,"column":2},"end":{"line":73,"column":95}},"11":{"start":{"line":79,"column":2},"end":{"line":79,"column":51}},"12":{"start":{"line":79,"column":38},"end":{"line":79,"column":51}},"13":{"start":{"line":80,"column":2},"end":{"line":80,"column":41}},"14":{"start":{"line":80,"column":28},"end":{"line":80,"column":41}},"15":{"start":{"line":81,"column":2},"end":{"line":81,"column":77}},"16":{"start":{"line":81,"column":64},"end":{"line":81,"column":77}},"17":{"start":{"line":82,"column":2},"end":{"line":82,"column":14}},"18":{"start":{"line":87,"column":2},"end":{"line":87,"column":77}},"19":{"start":{"line":87,"column":64},"end":{"line":87,"column":77}},"20":{"start":{"line":88,"column":2},"end":{"line":88,"column":35}},"21":{"start":{"line":88,"column":22},"end":{"line":88,"column":35}},"22":{"start":{"line":89,"column":14},"end":{"line":89,"column":39}},"23":{"start":{"line":90,"column":23},"end":{"line":90,"column":42}},"24":{"start":{"line":91,"column":26},"end":{"line":91,"column":46}},"25":{"start":{"line":92,"column":2},"end":{"line":94,"column":3}},"26":{"start":{"line":93,"column":4},"end":{"line":93,"column":54}},"27":{"start":{"line":96,"column":18},"end":{"line":96,"column":54}},"28":{"start":{"line":96,"column":44},"end":{"line":96,"column":52}},"29":{"start":{"line":97,"column":15},"end":{"line":97,"column":43}},"30":{"start":{"line":99,"column":2},"end":{"line":204,"column":3}},"31":{"start":{"line":101,"column":4},"end":{"line":139,"column":5}},"32":{"start":{"line":101,"column":39},"end":{"line":101,"column":61}},"33":{"start":{"line":102,"column":6},"end":{"line":138,"column":7}},"34":{"start":{"line":104,"column":24},"end":{"line":108,"column":10}},"35":{"start":{"line":109,"column":27},"end":{"line":112,"column":null}},"36":{"start":{"line":110,"column":10},"end":{"line":112,"column":15}},"37":{"start":{"line":114,"column":23},"end":{"line":116,"column":43}},"38":{"start":{"line":117,"column":8},"end":{"line":123,"column":10}},"39":{"start":{"line":126,"column":29},"end":{"line":126,"column":53}},"40":{"start":{"line":127,"column":24},"end":{"line":127,"column":71}},"41":{"start":{"line":128,"column":27},"end":{"line":129,"column":null}},"42":{"start":{"line":129,"column":10},"end":{"line":129,"column":85}},"43":{"start":{"line":131,"column":8},"end":{"line":137,"column":10}},"44":{"start":{"line":141,"column":23},"end":{"line":141,"column":70}},"45":{"start":{"line":142,"column":20},"end":{"line":142,"column":49}},"46":{"start":{"line":144,"column":26},"end":{"line":144,"column":62}},"47":{"start":{"line":144,"column":53},"end":{"line":144,"column":60}},"48":{"start":{"line":145,"column":4},"end":{"line":173,"column":5}},"49":{"start":{"line":148,"column":8},"end":{"line":148,"column":87}},"50":{"start":{"line":148,"column":35},"end":{"line":148,"column":56}},"51":{"start":{"line":150,"column":25},"end":{"line":165,"column":8}},"52":{"start":{"line":151,"column":8},"end":{"line":164,"column":9}},"53":{"start":{"line":152,"column":10},"end":{"line":158,"column":12}},"54":{"start":{"line":159,"column":15},"end":{"line":164,"column":9}},"55":{"start":{"line":160,"column":10},"end":{"line":160,"column":68}},"56":{"start":{"line":163,"column":10},"end":{"line":163,"column":58}},"57":{"start":{"line":166,"column":6},"end":{"line":172,"column":8}},"58":{"start":{"line":174,"column":4},"end":{"line":174,"column":52}},"59":{"start":{"line":175,"column":4},"end":{"line":175,"column":41}},"60":{"start":{"line":176,"column":23},"end":{"line":176,"column":79}},"61":{"start":{"line":176,"column":46},"end":{"line":176,"column":77}},"62":{"start":{"line":177,"column":19},"end":{"line":177,"column":93}},"63":{"start":{"line":178,"column":4},"end":{"line":183,"column":6}},"64":{"start":{"line":184,"column":9},"end":{"line":204,"column":3}},"65":{"start":{"line":185,"column":23},"end":{"line":185,"column":70}},"66":{"start":{"line":186,"column":23},"end":{"line":186,"column":50}},"67":{"start":{"line":187,"column":23},"end":{"line":188,"column":null}},"68":{"start":{"line":188,"column":6},"end":{"line":188,"column":94}},"69":{"start":{"line":190,"column":19},"end":{"line":192,"column":26}},"70":{"start":{"line":193,"column":4},"end":{"line":198,"column":6}},"71":{"start":{"line":199,"column":9},"end":{"line":204,"column":3}},"72":{"start":{"line":200,"column":23},"end":{"line":200,"column":70}},"73":{"start":{"line":201,"column":4},"end":{"line":201,"column":52}},"74":{"start":{"line":202,"column":23},"end":{"line":202,"column":79}},"75":{"start":{"line":202,"column":46},"end":{"line":202,"column":77}},"76":{"start":{"line":203,"column":4},"end":{"line":203,"column":100}},"77":{"start":{"line":205,"column":2},"end":{"line":205,"column":15}},"78":{"start":{"line":214,"column":2},"end":{"line":225,"column":3}},"79":{"start":{"line":216,"column":34},"end":{"line":223,"column":6}},"80":{"start":{"line":224,"column":4},"end":{"line":224,"column":86}},"81":{"start":{"line":226,"column":2},"end":{"line":237,"column":3}},"82":{"start":{"line":228,"column":34},"end":{"line":235,"column":6}},"83":{"start":{"line":236,"column":4},"end":{"line":236,"column":86}},"84":{"start":{"line":238,"column":2},"end":{"line":248,"column":3}},"85":{"start":{"line":239,"column":20},"end":{"line":240,"column":null}},"86":{"start":{"line":240,"column":6},"end":{"line":240,"column":66}},"87":{"start":{"line":242,"column":4},"end":{"line":247,"column":6}},"88":{"start":{"line":249,"column":2},"end":{"line":249,"column":15}},"89":{"start":{"line":253,"column":2},"end":{"line":253,"column":79}},"90":{"start":{"line":253,"column":66},"end":{"line":253,"column":79}},"91":{"start":{"line":254,"column":39},"end":{"line":254,"column":72}},"92":{"start":{"line":255,"column":18},"end":{"line":255,"column":54}},"93":{"start":{"line":255,"column":44},"end":{"line":255,"column":52}},"94":{"start":{"line":256,"column":2},"end":{"line":278,"column":3}},"95":{"start":{"line":258,"column":21},"end":{"line":261,"column":6}},"96":{"start":{"line":262,"column":4},"end":{"line":265,"column":6}},"97":{"start":{"line":266,"column":9},"end":{"line":278,"column":3}},"98":{"start":{"line":268,"column":4},"end":{"line":268,"column":65}},"99":{"start":{"line":269,"column":21},"end":{"line":273,"column":6}},"100":{"start":{"line":274,"column":4},"end":{"line":277,"column":6}},"101":{"start":{"line":279,"column":2},"end":{"line":279,"column":15}},"102":{"start":{"line":284,"column":2},"end":{"line":284,"column":77}},"103":{"start":{"line":284,"column":64},"end":{"line":284,"column":77}},"104":{"start":{"line":285,"column":18},"end":{"line":285,"column":54}},"105":{"start":{"line":285,"column":44},"end":{"line":285,"column":52}},"106":{"start":{"line":286,"column":15},"end":{"line":286,"column":40}},"107":{"start":{"line":288,"column":2},"end":{"line":296,"column":3}},"108":{"start":{"line":289,"column":4},"end":{"line":289,"column":98}},"109":{"start":{"line":290,"column":27},"end":{"line":290,"column":80}},"110":{"start":{"line":290,"column":50},"end":{"line":290,"column":78}},"111":{"start":{"line":291,"column":4},"end":{"line":295,"column":6}},"112":{"start":{"line":297,"column":2},"end":{"line":302,"column":3}},"113":{"start":{"line":298,"column":4},"end":{"line":301,"column":6}},"114":{"start":{"line":303,"column":2},"end":{"line":308,"column":3}},"115":{"start":{"line":304,"column":4},"end":{"line":307,"column":6}},"116":{"start":{"line":310,"column":4},"end":{"line":313,"column":null}},"117":{"start":{"line":310,"column":42},"end":{"line":310,"column":63}},"118":{"start":{"line":312,"column":21},"end":{"line":312,"column":74}},"119":{"start":{"line":315,"column":24},"end":{"line":322,"column":4}},"120":{"start":{"line":323,"column":25},"end":{"line":323,"column":85}},"121":{"start":{"line":323,"column":48},"end":{"line":323,"column":83}},"122":{"start":{"line":325,"column":24},"end":{"line":325,"column":71}},"123":{"start":{"line":325,"column":62},"end":{"line":325,"column":69}},"124":{"start":{"line":326,"column":2},"end":{"line":345,"column":3}},"125":{"start":{"line":328,"column":6},"end":{"line":328,"column":96}},"126":{"start":{"line":328,"column":44},"end":{"line":328,"column":65}},"127":{"start":{"line":329,"column":27},"end":{"line":338,"column":6}},"128":{"start":{"line":330,"column":6},"end":{"line":337,"column":7}},"129":{"start":{"line":331,"column":8},"end":{"line":331,"column":94}},"130":{"start":{"line":332,"column":13},"end":{"line":337,"column":7}},"131":{"start":{"line":333,"column":8},"end":{"line":333,"column":66}},"132":{"start":{"line":336,"column":8},"end":{"line":336,"column":56}},"133":{"start":{"line":339,"column":4},"end":{"line":344,"column":6}},"134":{"start":{"line":346,"column":2},"end":{"line":355,"column":3}},"135":{"start":{"line":348,"column":26},"end":{"line":348,"column":58}},"136":{"start":{"line":349,"column":4},"end":{"line":354,"column":6}},"137":{"start":{"line":356,"column":2},"end":{"line":360,"column":4}},"138":{"start":{"line":363,"column":0},"end":{"line":363,"column":null}},"139":{"start":{"line":364,"column":2},"end":{"line":364,"column":null}},"140":{"start":{"line":365,"column":2},"end":{"line":365,"column":null}},"141":{"start":{"line":366,"column":2},"end":{"line":366,"column":null}},"142":{"start":{"line":367,"column":2},"end":{"line":367,"column":null}},"143":{"start":{"line":368,"column":2},"end":{"line":368,"column":null}},"144":{"start":{"line":369,"column":2},"end":{"line":369,"column":null}},"145":{"start":{"line":370,"column":2},"end":{"line":370,"column":null}},"146":{"start":{"line":371,"column":2},"end":{"line":371,"column":null}},"147":{"start":{"line":372,"column":2},"end":{"line":372,"column":null}},"148":{"start":{"line":373,"column":2},"end":{"line":373,"column":null}},"149":{"start":{"line":374,"column":2},"end":{"line":374,"column":null}},"150":{"start":{"line":375,"column":2},"end":{"line":375,"column":null}},"151":{"start":{"line":376,"column":2},"end":{"line":376,"column":null}},"152":{"start":{"line":379,"column":0},"end":{"line":379,"column":null}},"153":{"start":{"line":380,"column":2},"end":{"line":380,"column":null}}},"fnMap":{"0":{"name":"pushActionContext","decl":{"start":{"line":37,"column":9},"end":{"line":37,"column":26}},"loc":{"start":{"line":37,"column":63},"end":{"line":43,"column":1}}},"1":{"name":"popActionContext","decl":{"start":{"line":45,"column":9},"end":{"line":45,"column":25}},"loc":{"start":{"line":45,"column":42},"end":{"line":52,"column":1}}},"2":{"name":"drawCard","decl":{"start":{"line":55,"column":9},"end":{"line":55,"column":17}},"loc":{"start":{"line":56,"column":31},"end":{"line":59,"column":1}}},"3":{"name":"addCardToHand","decl":{"start":{"line":62,"column":9},"end":{"line":62,"column":22}},"loc":{"start":{"line":62,"column":53},"end":{"line":64,"column":1}}},"4":{"name":"addModifier","decl":{"start":{"line":67,"column":9},"end":{"line":67,"column":20}},"loc":{"start":{"line":67,"column":51},"end":{"line":69,"column":1}}},"5":{"name":"bustPlayer","decl":{"start":{"line":72,"column":9},"end":{"line":72,"column":19}},"loc":{"start":{"line":72,"column":50},"end":{"line":74,"column":1}}},"6":{"name":"isChoicePoint","decl":{"start":{"line":77,"column":9},"end":{"line":77,"column":22}},"loc":{"start":{"line":77,"column":55},"end":{"line":83,"column":1}}},"7":{"name":"flipCard","decl":{"start":{"line":85,"column":16},"end":{"line":85,"column":24}},"loc":{"start":{"line":85,"column":41},"end":{"line":206,"column":1}}},"8":{"name":"(anonymous_8)","decl":{"start":{"line":96,"column":36},"end":{"line":96,"column":37}},"loc":{"start":{"line":96,"column":44},"end":{"line":96,"column":52}}},"9":{"name":"(anonymous_9)","decl":{"start":{"line":101,"column":32},"end":{"line":101,"column":33}},"loc":{"start":{"line":101,"column":39},"end":{"line":101,"column":61}}},"10":{"name":"(anonymous_10)","decl":{"start":{"line":109,"column":39},"end":{"line":109,"column":40}},"loc":{"start":{"line":110,"column":10},"end":{"line":112,"column":15}}},"11":{"name":"(anonymous_11)","decl":{"start":{"line":128,"column":39},"end":{"line":128,"column":40}},"loc":{"start":{"line":129,"column":10},"end":{"line":129,"column":85}}},"12":{"name":"(anonymous_12)","decl":{"start":{"line":144,"column":46},"end":{"line":144,"column":47}},"loc":{"start":{"line":144,"column":53},"end":{"line":144,"column":60}}},"13":{"name":"(anonymous_13)","decl":{"start":{"line":148,"column":23},"end":{"line":148,"column":24}},"loc":{"start":{"line":148,"column":35},"end":{"line":148,"column":56}}},"14":{"name":"(anonymous_14)","decl":{"start":{"line":150,"column":37},"end":{"line":150,"column":38}},"loc":{"start":{"line":150,"column":46},"end":{"line":165,"column":7}}},"15":{"name":"(anonymous_15)","decl":{"start":{"line":176,"column":35},"end":{"line":176,"column":36}},"loc":{"start":{"line":176,"column":46},"end":{"line":176,"column":77}}},"16":{"name":"(anonymous_16)","decl":{"start":{"line":187,"column":35},"end":{"line":187,"column":36}},"loc":{"start":{"line":188,"column":6},"end":{"line":188,"column":94}}},"17":{"name":"(anonymous_17)","decl":{"start":{"line":202,"column":35},"end":{"line":202,"column":36}},"loc":{"start":{"line":202,"column":46},"end":{"line":202,"column":77}}},"18":{"name":"resolveAction","decl":{"start":{"line":208,"column":16},"end":{"line":208,"column":29}},"loc":{"start":{"line":212,"column":20},"end":{"line":250,"column":1}}},"19":{"name":"(anonymous_19)","decl":{"start":{"line":239,"column":38},"end":{"line":239,"column":39}},"loc":{"start":{"line":240,"column":6},"end":{"line":240,"column":66}}},"20":{"name":"handleActionTarget","decl":{"start":{"line":252,"column":16},"end":{"line":252,"column":34}},"loc":{"start":{"line":252,"column":70},"end":{"line":280,"column":1}}},"21":{"name":"(anonymous_21)","decl":{"start":{"line":255,"column":36},"end":{"line":255,"column":37}},"loc":{"start":{"line":255,"column":44},"end":{"line":255,"column":52}}},"22":{"name":"bankScore","decl":{"start":{"line":282,"column":16},"end":{"line":282,"column":25}},"loc":{"start":{"line":282,"column":61},"end":{"line":361,"column":1}}},"23":{"name":"(anonymous_23)","decl":{"start":{"line":285,"column":36},"end":{"line":285,"column":37}},"loc":{"start":{"line":285,"column":44},"end":{"line":285,"column":52}}},"24":{"name":"(anonymous_24)","decl":{"start":{"line":290,"column":39},"end":{"line":290,"column":40}},"loc":{"start":{"line":290,"column":50},"end":{"line":290,"column":78}}},"25":{"name":"(anonymous_25)","decl":{"start":{"line":310,"column":30},"end":{"line":310,"column":31}},"loc":{"start":{"line":310,"column":42},"end":{"line":310,"column":63}}},"26":{"name":"(anonymous_26)","decl":{"start":{"line":312,"column":6},"end":{"line":312,"column":7}},"loc":{"start":{"line":312,"column":21},"end":{"line":312,"column":74}}},"27":{"name":"(anonymous_27)","decl":{"start":{"line":323,"column":37},"end":{"line":323,"column":38}},"loc":{"start":{"line":323,"column":48},"end":{"line":323,"column":83}}},"28":{"name":"(anonymous_28)","decl":{"start":{"line":325,"column":55},"end":{"line":325,"column":56}},"loc":{"start":{"line":325,"column":62},"end":{"line":325,"column":69}}},"29":{"name":"(anonymous_29)","decl":{"start":{"line":328,"column":32},"end":{"line":328,"column":33}},"loc":{"start":{"line":328,"column":44},"end":{"line":328,"column":65}}},"30":{"name":"(anonymous_30)","decl":{"start":{"line":329,"column":39},"end":{"line":329,"column":40}},"loc":{"start":{"line":329,"column":48},"end":{"line":338,"column":5}}},"31":{"name":"(anonymous_31)","decl":{"start":{"line":363,"column":0},"end":{"line":363,"column":12}},"loc":{"start":{"line":363,"column":22},"end":{"line":377,"column":1}}},"32":{"name":"(anonymous_32)","decl":{"start":{"line":379,"column":0},"end":{"line":379,"column":12}},"loc":{"start":{"line":379,"column":25},"end":{"line":381,"column":1}}}},"branchMap":{"0":{"loc":{"start":{"line":79,"column":2},"end":{"line":79,"column":51}},"type":"if","locations":[{"start":{"line":79,"column":2},"end":{"line":79,"column":51}},{"start":{},"end":{}}]},"1":{"loc":{"start":{"line":79,"column":6},"end":{"line":79,"column":36}},"type":"binary-expr","locations":[{"start":{"line":79,"column":6},"end":{"line":79,"column":19}},{"start":{"line":79,"column":23},"end":{"line":79,"column":36}}]},"2":{"loc":{"start":{"line":80,"column":2},"end":{"line":80,"column":41}},"type":"if","locations":[{"start":{"line":80,"column":2},"end":{"line":80,"column":41}},{"start":{},"end":{}}]},"3":{"loc":{"start":{"line":81,"column":2},"end":{"line":81,"column":77}},"type":"if","locations":[{"start":{"line":81,"column":2},"end":{"line":81,"column":77}},{"start":{},"end":{}}]},"4":{"loc":{"start":{"line":81,"column":6},"end":{"line":81,"column":62}},"type":"binary-expr","locations":[{"start":{"line":81,"column":6},"end":{"line":81,"column":25}},{"start":{"line":81,"column":29},"end":{"line":81,"column":62}}]},"5":{"loc":{"start":{"line":87,"column":2},"end":{"line":87,"column":77}},"type":"if","locations":[{"start":{"line":87,"column":2},"end":{"line":87,"column":77}},{"start":{},"end":{}}]},"6":{"loc":{"start":{"line":87,"column":6},"end":{"line":87,"column":62}},"type":"binary-expr","locations":[{"start":{"line":87,"column":6},"end":{"line":87,"column":25}},{"start":{"line":87,"column":29},"end":{"line":87,"column":62}}]},"7":{"loc":{"start":{"line":88,"column":2},"end":{"line":88,"column":35}},"type":"if","locations":[{"start":{"line":88,"column":2},"end":{"line":88,"column":35}},{"start":{},"end":{}}]},"8":{"loc":{"start":{"line":89,"column":14},"end":{"line":89,"column":39}},"type":"binary-expr","locations":[{"start":{"line":89,"column":14},"end":{"line":89,"column":33}},{"start":{"line":89,"column":37},"end":{"line":89,"column":39}}]},"9":{"loc":{"start":{"line":92,"column":2},"end":{"line":94,"column":3}},"type":"if","locations":[{"start":{"line":92,"column":2},"end":{"line":94,"column":3}},{"start":{},"end":{}}]},"10":{"loc":{"start":{"line":99,"column":2},"end":{"line":204,"column":3}},"type":"if","locations":[{"start":{"line":99,"column":2},"end":{"line":204,"column":3}},{"start":{"line":184,"column":9},"end":{"line":204,"column":3}}]},"11":{"loc":{"start":{"line":101,"column":4},"end":{"line":139,"column":5}},"type":"if","locations":[{"start":{"line":101,"column":4},"end":{"line":139,"column":5}},{"start":{},"end":{}}]},"12":{"loc":{"start":{"line":102,"column":6},"end":{"line":138,"column":7}},"type":"if","locations":[{"start":{"line":102,"column":6},"end":{"line":138,"column":7}},{"start":{"line":124,"column":13},"end":{"line":138,"column":7}}]},"13":{"loc":{"start":{"line":110,"column":10},"end":{"line":112,"column":15}},"type":"cond-expr","locations":[{"start":{"line":111,"column":14},"end":{"line":111,"column":63}},{"start":{"line":112,"column":14},"end":{"line":112,"column":15}}]},"14":{"loc":{"start":{"line":114,"column":23},"end":{"line":116,"column":43}},"type":"cond-expr","locations":[{"start":{"line":115,"column":12},"end":{"line":115,"column":34}},{"start":{"line":116,"column":12},"end":{"line":116,"column":43}}]},"15":{"loc":{"start":{"line":129,"column":10},"end":{"line":129,"column":85}},"type":"cond-expr","locations":[{"start":{"line":129,"column":31},"end":{"line":129,"column":81}},{"start":{"line":129,"column":84},"end":{"line":129,"column":85}}]},"16":{"loc":{"start":{"line":141,"column":23},"end":{"line":141,"column":70}},"type":"cond-expr","locations":[{"start":{"line":141,"column":46},"end":{"line":141,"column":66}},{"start":{"line":141,"column":69},"end":{"line":141,"column":70}}]},"17":{"loc":{"start":{"line":145,"column":4},"end":{"line":173,"column":5}},"type":"if","locations":[{"start":{"line":145,"column":4},"end":{"line":173,"column":5}},{"start":{},"end":{}}]},"18":{"loc":{"start":{"line":145,"column":8},"end":{"line":145,"column":56}},"type":"binary-expr","locations":[{"start":{"line":145,"column":8},"end":{"line":145,"column":28}},{"start":{"line":145,"column":32},"end":{"line":145,"column":56}}]},"19":{"loc":{"start":{"line":151,"column":8},"end":{"line":164,"column":9}},"type":"if","locations":[{"start":{"line":151,"column":8},"end":{"line":164,"column":9}},{"start":{"line":159,"column":15},"end":{"line":164,"column":9}}]},"20":{"loc":{"start":{"line":159,"column":15},"end":{"line":164,"column":9}},"type":"if","locations":[{"start":{"line":159,"column":15},"end":{"line":164,"column":9}},{"start":{"line":161,"column":15},"end":{"line":164,"column":9}}]},"21":{"loc":{"start":{"line":176,"column":46},"end":{"line":176,"column":77}},"type":"cond-expr","locations":[{"start":{"line":176,"column":67},"end":{"line":176,"column":73}},{"start":{"line":176,"column":76},"end":{"line":176,"column":77}}]},"22":{"loc":{"start":{"line":177,"column":19},"end":{"line":177,"column":93}},"type":"cond-expr","locations":[{"start":{"line":177,"column":50},"end":{"line":177,"column":72}},{"start":{"line":177,"column":75},"end":{"line":177,"column":93}}]},"23":{"loc":{"start":{"line":184,"column":9},"end":{"line":204,"column":3}},"type":"if","locations":[{"start":{"line":184,"column":9},"end":{"line":204,"column":3}},{"start":{"line":199,"column":9},"end":{"line":204,"column":3}}]},"24":{"loc":{"start":{"line":185,"column":23},"end":{"line":185,"column":70}},"type":"cond-expr","locations":[{"start":{"line":185,"column":46},"end":{"line":185,"column":66}},{"start":{"line":185,"column":69},"end":{"line":185,"column":70}}]},"25":{"loc":{"start":{"line":188,"column":6},"end":{"line":188,"column":94}},"type":"cond-expr","locations":[{"start":{"line":188,"column":27},"end":{"line":188,"column":90}},{"start":{"line":188,"column":93},"end":{"line":188,"column":94}}]},"26":{"loc":{"start":{"line":190,"column":19},"end":{"line":192,"column":26}},"type":"cond-expr","locations":[{"start":{"line":191,"column":8},"end":{"line":191,"column":30}},{"start":{"line":192,"column":8},"end":{"line":192,"column":26}}]},"27":{"loc":{"start":{"line":199,"column":9},"end":{"line":204,"column":3}},"type":"if","locations":[{"start":{"line":199,"column":9},"end":{"line":204,"column":3}},{"start":{},"end":{}}]},"28":{"loc":{"start":{"line":200,"column":23},"end":{"line":200,"column":70}},"type":"cond-expr","locations":[{"start":{"line":200,"column":46},"end":{"line":200,"column":66}},{"start":{"line":200,"column":69},"end":{"line":200,"column":70}}]},"29":{"loc":{"start":{"line":202,"column":46},"end":{"line":202,"column":77}},"type":"cond-expr","locations":[{"start":{"line":202,"column":67},"end":{"line":202,"column":73}},{"start":{"line":202,"column":76},"end":{"line":202,"column":77}}]},"30":{"loc":{"start":{"line":214,"column":2},"end":{"line":225,"column":3}},"type":"if","locations":[{"start":{"line":214,"column":2},"end":{"line":225,"column":3}},{"start":{},"end":{}}]},"31":{"loc":{"start":{"line":226,"column":2},"end":{"line":237,"column":3}},"type":"if","locations":[{"start":{"line":226,"column":2},"end":{"line":237,"column":3}},{"start":{},"end":{}}]},"32":{"loc":{"start":{"line":238,"column":2},"end":{"line":248,"column":3}},"type":"if","locations":[{"start":{"line":238,"column":2},"end":{"line":248,"column":3}},{"start":{},"end":{}}]},"33":{"loc":{"start":{"line":240,"column":6},"end":{"line":240,"column":66}},"type":"cond-expr","locations":[{"start":{"line":240,"column":27},"end":{"line":240,"column":55}},{"start":{"line":240,"column":58},"end":{"line":240,"column":66}}]},"34":{"loc":{"start":{"line":253,"column":2},"end":{"line":253,"column":79}},"type":"if","locations":[{"start":{"line":253,"column":2},"end":{"line":253,"column":79}},{"start":{},"end":{}}]},"35":{"loc":{"start":{"line":253,"column":6},"end":{"line":253,"column":64}},"type":"binary-expr","locations":[{"start":{"line":253,"column":6},"end":{"line":253,"column":26}},{"start":{"line":253,"column":30},"end":{"line":253,"column":64}}]},"36":{"loc":{"start":{"line":256,"column":2},"end":{"line":278,"column":3}},"type":"if","locations":[{"start":{"line":256,"column":2},"end":{"line":278,"column":3}},{"start":{"line":266,"column":9},"end":{"line":278,"column":3}}]},"37":{"loc":{"start":{"line":266,"column":9},"end":{"line":278,"column":3}},"type":"if","locations":[{"start":{"line":266,"column":9},"end":{"line":278,"column":3}},{"start":{},"end":{}}]},"38":{"loc":{"start":{"line":284,"column":2},"end":{"line":284,"column":77}},"type":"if","locations":[{"start":{"line":284,"column":2},"end":{"line":284,"column":77}},{"start":{},"end":{}}]},"39":{"loc":{"start":{"line":284,"column":6},"end":{"line":284,"column":62}},"type":"binary-expr","locations":[{"start":{"line":284,"column":6},"end":{"line":284,"column":25}},{"start":{"line":284,"column":29},"end":{"line":284,"column":62}}]},"40":{"loc":{"start":{"line":288,"column":2},"end":{"line":296,"column":3}},"type":"if","locations":[{"start":{"line":288,"column":2},"end":{"line":296,"column":3}},{"start":{},"end":{}}]},"41":{"loc":{"start":{"line":290,"column":50},"end":{"line":290,"column":78}},"type":"cond-expr","locations":[{"start":{"line":290,"column":68},"end":{"line":290,"column":74}},{"start":{"line":290,"column":77},"end":{"line":290,"column":78}}]},"42":{"loc":{"start":{"line":297,"column":2},"end":{"line":302,"column":3}},"type":"if","locations":[{"start":{"line":297,"column":2},"end":{"line":302,"column":3}},{"start":{},"end":{}}]},"43":{"loc":{"start":{"line":303,"column":2},"end":{"line":308,"column":3}},"type":"if","locations":[{"start":{"line":303,"column":2},"end":{"line":308,"column":3}},{"start":{},"end":{}}]},"44":{"loc":{"start":{"line":312,"column":21},"end":{"line":312,"column":74}},"type":"cond-expr","locations":[{"start":{"line":312,"column":53},"end":{"line":312,"column":68}},{"start":{"line":312,"column":71},"end":{"line":312,"column":74}}]},"45":{"loc":{"start":{"line":323,"column":48},"end":{"line":323,"column":83}},"type":"cond-expr","locations":[{"start":{"line":323,"column":66},"end":{"line":323,"column":79}},{"start":{"line":323,"column":82},"end":{"line":323,"column":83}}]},"46":{"loc":{"start":{"line":326,"column":2},"end":{"line":345,"column":3}},"type":"if","locations":[{"start":{"line":326,"column":2},"end":{"line":345,"column":3}},{"start":{},"end":{}}]},"47":{"loc":{"start":{"line":326,"column":6},"end":{"line":326,"column":65}},"type":"binary-expr","locations":[{"start":{"line":326,"column":6},"end":{"line":326,"column":37}},{"start":{"line":326,"column":41},"end":{"line":326,"column":65}}]},"48":{"loc":{"start":{"line":330,"column":6},"end":{"line":337,"column":7}},"type":"if","locations":[{"start":{"line":330,"column":6},"end":{"line":337,"column":7}},{"start":{"line":332,"column":13},"end":{"line":337,"column":7}}]},"49":{"loc":{"start":{"line":332,"column":13},"end":{"line":337,"column":7}},"type":"if","locations":[{"start":{"line":332,"column":13},"end":{"line":337,"column":7}},{"start":{"line":334,"column":13},"end":{"line":337,"column":7}}]},"50":{"loc":{"start":{"line":346,"column":2},"end":{"line":355,"column":3}},"type":"if","locations":[{"start":{"line":346,"column":2},"end":{"line":355,"column":3}},{"start":{},"end":{}}]},"51":{"loc":{"start":{"line":363,"column":12},"end":{"line":363,"column":null}},"type":"binary-expr","locations":[{"start":{"line":363,"column":12},"end":{"line":363,"column":22}},{"start":{"line":363,"column":22},"end":{"line":363,"column":null}}]},"52":{"loc":{"start":{"line":379,"column":12},"end":{"line":379,"column":null}},"type":"binary-expr","locations":[{"start":{"line":379,"column":12},"end":{"line":379,"column":25}},{"start":{"line":379,"column":25},"end":{"line":379,"column":null}}]}},"s":{"0":1,"1":1,"2":1,"3":1,"4":7,"5":6,"6":6,"7":22,"8":6,"9":0,"10":1,"11":11,"12":0,"13":11,"14":3,"15":8,"16":0,"17":8,"18":22,"19":0,"20":22,"21":0,"22":22,"23":22,"24":22,"25":22,"26":0,"27":22,"28":88,"29":22,"30":22,"31":13,"32":15,"33":6,"34":5,"35":5,"36":20,"37":5,"38":5,"39":1,"40":1,"41":1,"42":4,"43":1,"44":7,"45":7,"46":7,"47":16,"48":7,"49":1,"50":7,"51":1,"52":4,"53":1,"54":3,"55":3,"56":0,"57":1,"58":6,"59":6,"60":6,"61":24,"62":6,"63":6,"64":9,"65":0,"66":0,"67":0,"68":0,"69":0,"70":0,"71":9,"72":8,"73":8,"74":8,"75":32,"76":8,"77":1,"78":9,"79":6,"80":6,"81":3,"82":1,"83":1,"84":2,"85":1,"86":4,"87":1,"88":1,"89":6,"90":0,"91":6,"92":6,"93":20,"94":6,"95":4,"96":4,"97":2,"98":2,"99":2,"100":2,"101":0,"102":9,"103":5,"104":4,"105":16,"106":4,"107":4,"108":1,"109":1,"110":4,"111":1,"112":3,"113":0,"114":3,"115":0,"116":3,"117":10,"118":1,"119":3,"120":3,"121":12,"122":3,"123":10,"124":3,"125":1,"126":7,"127":1,"128":4,"129":1,"130":3,"131":2,"132":1,"133":1,"134":2,"135":2,"136":2,"137":0,"138":1,"139":1,"140":1,"141":1,"142":1,"143":1,"144":1,"145":1,"146":1,"147":1,"148":1,"149":1,"150":1,"151":1,"152":1,"153":1},"f":{"0":7,"1":6,"2":22,"3":6,"4":0,"5":1,"6":11,"7":22,"8":88,"9":15,"10":20,"11":4,"12":16,"13":7,"14":4,"15":24,"16":0,"17":32,"18":9,"19":4,"20":6,"21":20,"22":9,"23":16,"24":4,"25":10,"26":1,"27":12,"28":10,"29":7,"30":4,"31":1,"32":1},"b":{"0":[0,11],"1":[11,11],"2":[3,8],"3":[0,8],"4":[8,0],"5":[0,22],"6":[22,0],"7":[0,22],"8":[22,22],"9":[0,22],"10":[13,9],"11":[6,7],"12":[5,1],"13":[5,15],"14":[5,0],"15":[1,3],"16":[4,3],"17":[1,6],"18":[7,1],"19":[1,3],"20":[3,0],"21":[6,18],"22":[3,3],"23":[0,9],"24":[0,0],"25":[0,0],"26":[0,0],"27":[8,1],"28":[0,8],"29":[8,24],"30":[6,3],"31":[1,2],"32":[1,1],"33":[1,3],"34":[0,6],"35":[6,6],"36":[4,2],"37":[2,0],"38":[5,4],"39":[9,5],"40":[1,3],"41":[1,3],"42":[0,3],"43":[0,3],"44":[1,0],"45":[3,9],"46":[1,2],"47":[3,1],"48":[1,3],"49":[2,1],"50":[2,0],"51":[1,1],"52":[1,1]}}
}
