TN:
SF:src/lib/deck.ts
FN:5,generateDeck
FN:8,(anonymous_1)
FN:11,(anonymous_2)
FN:16,(anonymous_3)
FN:22,(anonymous_4)
FN:30,shuffleDeck
FN:38,(anonymous_6)
FN:49,dealCard
FNF:8
FNH:8
FNDA:5,generateDeck
FNDA:65,(anonymous_1)
FNDA:455,(anonymous_2)
FNDA:35,(anonymous_3)
FNDA:15,(anonymous_4)
FNDA:2,shuffleDeck
FNDA:214,(anonymous_6)
FNDA:2,dealCard
DA:5,2
DA:8,5
DA:9,65
DA:11,455
DA:15,5
DA:16,35
DA:22,15
DA:27,5
DA:30,2
DA:37,2
DA:39,214
DA:40,212
DA:41,212
DA:42,212
DA:43,212
DA:49,2
DA:54,2
DA:55,1
LF:18
LH:18
BRDA:19,0,0,5
BRDA:19,0,1,30
BRDA:32,1,0,0
BRDA:39,2,0,2
BRDA:39,2,1,212
BRDA:54,3,0,1
BRDA:54,3,1,1
BRF:7
BRH:6
end_of_record
TN:
SF:src/lib/gameLogic.helpers.ts
FN:4,isGameOver
FN:6,(anonymous_1)
FN:9,getRoundScore
FN:11,(anonymous_3)
FN:13,(anonymous_4)
FN:19,bustPlayer
FN:23,addCardToHand
FN:27,addModifier
FNF:8
FNH:8
FNDA:2,isGameOver
FNDA:4,(anonymous_1)
FNDA:1,getRoundScore
FNDA:2,(anonymous_3)
FNDA:2,(anonymous_4)
FNDA:1,bustPlayer
FNDA:1,addCardToHand
FNDA:1,addModifier
DA:4,1
DA:6,4
DA:9,1
DA:10,1
DA:11,2
DA:13,2
DA:19,1
DA:20,1
DA:23,1
DA:24,1
DA:27,1
DA:28,1
LF:12
LH:12
BRDA:6,0,0,4
BRDA:6,0,1,2
BRDA:13,1,0,2
BRDA:13,1,1,0
BRF:4
BRH:3
end_of_record
TN:
SF:src/lib/gameLogic.ts
FN:37,pushActionContext
FN:45,popActionContext
FN:55,drawCard
FN:62,addCardToHand
FN:67,addModifier
FN:72,bustPlayer
FN:77,isChoicePoint
FN:85,flipCard
FN:96,(anonymous_8)
FN:101,(anonymous_9)
FN:109,(anonymous_10)
FN:128,(anonymous_11)
FN:144,(anonymous_12)
FN:148,(anonymous_13)
FN:150,(anonymous_14)
FN:176,(anonymous_15)
FN:187,(anonymous_16)
FN:202,(anonymous_17)
FN:208,resolveAction
FN:239,(anonymous_19)
FN:252,handleActionTarget
FN:255,(anonymous_21)
FN:282,bankScore
FN:285,(anonymous_23)
FN:290,(anonymous_24)
FN:310,(anonymous_25)
FN:312,(anonymous_26)
FN:323,(anonymous_27)
FN:325,(anonymous_28)
FN:328,(anonymous_29)
FN:329,(anonymous_30)
FN:363,(anonymous_31)
FN:379,(anonymous_32)
FNF:33
FNH:31
FNDA:7,pushActionContext
FNDA:6,popActionContext
FNDA:22,drawCard
FNDA:6,addCardToHand
FNDA:0,addModifier
FNDA:1,bustPlayer
FNDA:11,isChoicePoint
FNDA:22,flipCard
FNDA:88,(anonymous_8)
FNDA:15,(anonymous_9)
FNDA:20,(anonymous_10)
FNDA:4,(anonymous_11)
FNDA:16,(anonymous_12)
FNDA:7,(anonymous_13)
FNDA:4,(anonymous_14)
FNDA:24,(anonymous_15)
FNDA:0,(anonymous_16)
FNDA:32,(anonymous_17)
FNDA:9,resolveAction
FNDA:4,(anonymous_19)
FNDA:6,handleActionTarget
FNDA:20,(anonymous_21)
FNDA:9,bankScore
FNDA:16,(anonymous_23)
FNDA:4,(anonymous_24)
FNDA:10,(anonymous_25)
FNDA:1,(anonymous_26)
FNDA:12,(anonymous_27)
FNDA:10,(anonymous_28)
FNDA:7,(anonymous_29)
FNDA:4,(anonymous_30)
FNDA:1,(anonymous_31)
FNDA:1,(anonymous_32)
DA:38,7
DA:46,6
DA:47,6
DA:58,22
DA:63,6
DA:68,0
DA:73,1
DA:79,11
DA:80,11
DA:81,8
DA:82,8
DA:85,1
DA:87,22
DA:88,22
DA:89,22
DA:90,22
DA:91,22
DA:92,22
DA:93,0
DA:96,88
DA:97,22
DA:99,22
DA:101,15
DA:102,6
DA:104,5
DA:109,5
DA:110,20
DA:114,5
DA:117,5
DA:126,1
DA:127,1
DA:128,1
DA:129,4
DA:131,1
DA:141,7
DA:142,7
DA:144,16
DA:145,7
DA:148,7
DA:150,1
DA:151,4
DA:152,1
DA:159,3
DA:160,3
DA:163,0
DA:166,1
DA:174,6
DA:175,6
DA:176,24
DA:177,6
DA:178,6
DA:184,9
DA:185,0
DA:186,0
DA:187,0
DA:188,0
DA:190,0
DA:193,0
DA:199,9
DA:200,8
DA:201,8
DA:202,32
DA:203,8
DA:205,1
DA:208,1
DA:214,9
DA:216,6
DA:224,6
DA:226,3
DA:228,1
DA:236,1
DA:238,2
DA:239,1
DA:240,4
DA:242,1
DA:249,1
DA:252,1
DA:253,6
DA:254,6
DA:255,20
DA:256,6
DA:258,4
DA:262,4
DA:266,2
DA:268,2
DA:269,2
DA:274,2
DA:279,0
DA:282,1
DA:284,9
DA:285,16
DA:286,4
DA:288,4
DA:289,1
DA:290,4
DA:291,1
DA:297,3
DA:298,0
DA:303,3
DA:304,0
DA:310,10
DA:312,1
DA:315,3
DA:323,12
DA:325,10
DA:326,3
DA:328,7
DA:329,1
DA:330,4
DA:331,1
DA:332,3
DA:333,2
DA:336,1
DA:339,1
DA:346,2
DA:348,2
DA:349,2
DA:356,0
DA:363,1
DA:364,1
DA:365,1
DA:366,1
DA:367,1
DA:368,1
DA:369,1
DA:370,1
DA:371,1
DA:372,1
DA:373,1
DA:374,1
DA:375,1
DA:376,1
DA:379,1
DA:380,1
LF:134
LH:121
BRDA:79,0,0,0
BRDA:79,0,1,11
BRDA:79,1,0,11
BRDA:79,1,1,11
BRDA:80,2,0,3
BRDA:80,2,1,8
BRDA:81,3,0,0
BRDA:81,3,1,8
BRDA:81,4,0,8
BRDA:81,4,1,0
BRDA:87,5,0,0
BRDA:87,5,1,22
BRDA:87,6,0,22
BRDA:87,6,1,0
BRDA:88,7,0,0
BRDA:88,7,1,22
BRDA:89,8,0,22
BRDA:89,8,1,22
BRDA:92,9,0,0
BRDA:92,9,1,22
BRDA:99,10,0,13
BRDA:99,10,1,9
BRDA:101,11,0,6
BRDA:101,11,1,7
BRDA:102,12,0,5
BRDA:102,12,1,1
BRDA:110,13,0,5
BRDA:110,13,1,15
BRDA:114,14,0,5
BRDA:114,14,1,0
BRDA:129,15,0,1
BRDA:129,15,1,3
BRDA:141,16,0,4
BRDA:141,16,1,3
BRDA:145,17,0,1
BRDA:145,17,1,6
BRDA:145,18,0,7
BRDA:145,18,1,1
BRDA:151,19,0,1
BRDA:151,19,1,3
BRDA:159,20,0,3
BRDA:159,20,1,0
BRDA:176,21,0,6
BRDA:176,21,1,18
BRDA:177,22,0,3
BRDA:177,22,1,3
BRDA:184,23,0,0
BRDA:184,23,1,9
BRDA:185,24,0,0
BRDA:185,24,1,0
BRDA:188,25,0,0
BRDA:188,25,1,0
BRDA:190,26,0,0
BRDA:190,26,1,0
BRDA:199,27,0,8
BRDA:199,27,1,1
BRDA:200,28,0,0
BRDA:200,28,1,8
BRDA:202,29,0,8
BRDA:202,29,1,24
BRDA:214,30,0,6
BRDA:214,30,1,3
BRDA:226,31,0,1
BRDA:226,31,1,2
BRDA:238,32,0,1
BRDA:238,32,1,1
BRDA:240,33,0,1
BRDA:240,33,1,3
BRDA:253,34,0,0
BRDA:253,34,1,6
BRDA:253,35,0,6
BRDA:253,35,1,6
BRDA:256,36,0,4
BRDA:256,36,1,2
BRDA:266,37,0,2
BRDA:266,37,1,0
BRDA:284,38,0,5
BRDA:284,38,1,4
BRDA:284,39,0,9
BRDA:284,39,1,5
BRDA:288,40,0,1
BRDA:288,40,1,3
BRDA:290,41,0,1
BRDA:290,41,1,3
BRDA:297,42,0,0
BRDA:297,42,1,3
BRDA:303,43,0,0
BRDA:303,43,1,3
BRDA:312,44,0,1
BRDA:312,44,1,0
BRDA:323,45,0,3
BRDA:323,45,1,9
BRDA:326,46,0,1
BRDA:326,46,1,2
BRDA:326,47,0,3
BRDA:326,47,1,1
BRDA:330,48,0,1
BRDA:330,48,1,3
BRDA:332,49,0,2
BRDA:332,49,1,1
BRDA:346,50,0,2
BRDA:346,50,1,0
BRDA:363,51,0,1
BRDA:363,51,1,1
BRDA:379,52,0,1
BRDA:379,52,1,1
BRF:106
BRH:83
end_of_record
