TN:
SF:src/lib/deck.ts
FN:5,generateDeck
FN:8,(anonymous_1)
FN:11,(anonymous_2)
FN:16,(anonymous_3)
FN:22,(anonymous_4)
FN:30,shuffleDeck
FN:38,(anonymous_6)
FN:49,dealCard
FNF:8
FNH:8
FNDA:4,generateDeck
FNDA:52,(anonymous_1)
FNDA:364,(anonymous_2)
FNDA:28,(anonymous_3)
FNDA:12,(anonymous_4)
FNDA:1,shuffleDeck
FNDA:107,(anonymous_6)
FNDA:2,dealCard
DA:5,2
DA:8,4
DA:9,52
DA:11,364
DA:15,4
DA:16,28
DA:22,12
DA:27,4
DA:30,2
DA:37,1
DA:39,107
DA:40,106
DA:41,106
DA:42,106
DA:43,106
DA:49,2
DA:54,2
DA:55,1
LF:18
LH:18
BRDA:19,0,0,4
BRDA:19,0,1,24
BRDA:32,1,0,0
BRDA:39,2,0,1
BRDA:39,2,1,106
BRDA:54,3,0,1
BRDA:54,3,1,1
BRF:7
BRH:6
end_of_record
TN:
SF:src/lib/gameLogic.ts
FN:31,pushActionContext
FN:39,popActionContext
FN:49,drawCard
FN:56,addCardToHand
FN:61,addModifier
FN:66,bustPlayer
FN:70,flipCard
FN:79,(anonymous_7)
FN:87,(anonymous_8)
FN:91,(anonymous_9)
FN:120,(anonymous_10)
FN:156,(anonymous_11)
FN:177,resolveAction
FN:196,(anonymous_13)
FN:209,handleActionTarget
FN:212,(anonymous_15)
FN:215,(anonymous_16)
FN:217,(anonymous_17)
FN:228,(anonymous_18)
FN:253,bankScore
FN:254,(anonymous_20)
FN:257,(anonymous_21)
FN:259,(anonymous_22)
FN:270,(anonymous_23)
FNF:24
FNH:19
FNDA:3,pushActionContext
FNDA:1,popActionContext
FNDA:7,drawCard
FNDA:2,addCardToHand
FNDA:0,addModifier
FNDA:2,bustPlayer
FNDA:7,flipCard
FNDA:28,(anonymous_7)
FNDA:2,(anonymous_8)
FNDA:8,(anonymous_9)
FNDA:8,(anonymous_10)
FNDA:0,(anonymous_11)
FNDA:3,resolveAction
FNDA:4,(anonymous_13)
FNDA:1,handleActionTarget
FNDA:4,(anonymous_15)
FNDA:0,(anonymous_16)
FNDA:0,(anonymous_17)
FNDA:0,(anonymous_18)
FNDA:1,bankScore
FNDA:4,(anonymous_20)
FNDA:2,(anonymous_21)
FNDA:1,(anonymous_22)
FNDA:4,(anonymous_23)
DA:32,3
DA:40,1
DA:41,1
DA:52,7
DA:57,2
DA:62,0
DA:67,2
DA:70,1
DA:71,7
DA:72,7
DA:73,7
DA:74,7
DA:75,7
DA:76,0
DA:79,28
DA:85,7
DA:86,7
DA:87,4
DA:89,2
DA:90,2
DA:91,2
DA:92,8
DA:94,2
DA:95,1
DA:101,1
DA:106,1
DA:114,2
DA:115,3
DA:116,0
DA:117,3
DA:118,3
DA:120,8
DA:121,2
DA:122,1
DA:123,1
DA:130,1
DA:140,0
DA:141,0
DA:142,0
DA:143,0
DA:144,0
DA:145,0
DA:146,0
DA:153,0
DA:154,0
DA:156,0
DA:157,0
DA:160,0
DA:169,1
DA:177,1
DA:183,3
DA:185,2
DA:193,2
DA:195,1
DA:196,1
DA:197,4
DA:199,1
DA:206,0
DA:209,1
DA:210,1
DA:211,1
DA:212,4
DA:213,1
DA:215,0
DA:217,0
DA:220,0
DA:228,0
DA:229,0
DA:234,0
DA:238,1
DA:240,1
DA:248,1
DA:250,0
DA:253,1
DA:254,4
DA:255,1
DA:257,2
DA:259,1
DA:262,1
DA:270,4
DA:271,1
LF:81
LH:58
BRDA:71,0,0,0
BRDA:71,0,1,7
BRDA:71,1,0,7
BRDA:71,1,1,7
BRDA:71,1,2,2
BRDA:72,2,0,7
BRDA:72,2,1,5
BRDA:73,3,0,2
BRDA:73,3,1,5
BRDA:73,4,0,7
BRDA:73,4,1,7
BRDA:75,5,0,0
BRDA:75,5,1,7
BRDA:86,6,0,4
BRDA:86,6,1,3
BRDA:87,7,0,2
BRDA:87,7,1,2
BRDA:92,8,0,2
BRDA:92,8,1,6
BRDA:94,9,0,1
BRDA:94,9,1,1
BRDA:94,10,0,2
BRDA:94,10,1,2
BRDA:115,11,0,0
BRDA:115,11,1,3
BRDA:117,12,0,3
BRDA:117,12,1,0
BRDA:120,13,0,2
BRDA:120,13,1,6
BRDA:121,14,0,1
BRDA:121,14,1,1
BRDA:121,15,0,2
BRDA:121,15,1,2
BRDA:122,16,0,1
BRDA:122,16,1,0
BRDA:136,17,0,1
BRDA:136,17,1,1
BRDA:144,18,0,0
BRDA:144,18,1,0
BRDA:144,19,0,0
BRDA:144,19,1,0
BRDA:157,20,0,0
BRDA:157,20,1,0
BRDA:173,21,0,1
BRDA:173,21,1,1
BRDA:183,22,0,2
BRDA:183,22,1,1
BRDA:183,23,0,3
BRDA:183,23,1,2
BRDA:187,24,0,1
BRDA:187,24,1,1
BRDA:195,25,0,1
BRDA:195,25,1,0
BRDA:197,26,0,1
BRDA:197,26,1,3
BRDA:210,27,0,0
BRDA:210,27,1,1
BRDA:210,28,0,1
BRDA:210,28,1,1
BRDA:213,29,0,0
BRDA:213,29,1,1
BRDA:217,30,0,0
BRDA:217,30,1,0
BRDA:228,31,0,0
BRDA:228,31,1,0
BRDA:238,32,0,1
BRDA:238,32,1,0
BRDA:259,33,0,1
BRDA:259,33,1,0
BRDA:270,34,0,1
BRDA:270,34,1,3
BRF:71
BRH:51
end_of_record
